{"C:\\Users\\Makaz\\AURA444\\backend\\controllers\\betController.js": {"path":"C:\\Users\\Makaz\\AURA444\\backend\\controllers\\betController.js","statementMap":{"0":{"start":{"line":5,"column":0},"end":{"line":5,"column":null}},"1":{"start":{"line":7,"column":16},"end":{"line":7,"column":35}},"2":{"start":{"line":8,"column":16},"end":{"line":8,"column":35}},"3":{"start":{"line":9,"column":23},"end":{"line":9,"column":49}},"4":{"start":{"line":11,"column":27},"end":{"line":14,"column":1}},"5":{"start":{"line":15,"column":24},"end":{"line":15,"column":66}},"6":{"start":{"line":15,"column":34},"end":{"line":15,"column":66}},"7":{"start":{"line":23,"column":29},"end":{"line":23,"column":85}},"8":{"start":{"line":31,"column":2},"end":{"line":31,"column":54}},"9":{"start":{"line":33,"column":2},"end":{"line":33,"column":56}},"10":{"start":{"line":44,"column":29},"end":{"line":44,"column":34}},"11":{"start":{"line":46,"column":31},"end":{"line":75,"column":1}},"12":{"start":{"line":47,"column":2},"end":{"line":74,"column":null}},"13":{"start":{"line":56,"column":8},"end":{"line":56,"column":16}},"14":{"start":{"line":60,"column":5},"end":{"line":62,"column":35}},"15":{"start":{"line":64,"column":4},"end":{"line":68,"column":null}},"16":{"start":{"line":65,"column":6},"end":{"line":65,"column":null}},"17":{"start":{"line":67,"column":6},"end":{"line":67,"column":null}},"18":{"start":{"line":70,"column":4},"end":{"line":70,"column":null}},"19":{"start":{"line":71,"column":4},"end":{"line":73,"column":null}},"20":{"start":{"line":76,"column":34},"end":{"line":141,"column":1}},"21":{"start":{"line":77,"column":2},"end":{"line":140,"column":null}},"22":{"start":{"line":78,"column":19},"end":{"line":78,"column":22}},"23":{"start":{"line":79,"column":17},"end":{"line":79,"column":44}},"24":{"start":{"line":80,"column":4},"end":{"line":82,"column":null}},"25":{"start":{"line":81,"column":6},"end":{"line":81,"column":null}},"26":{"start":{"line":85,"column":26},"end":{"line":120,"column":6}},"27":{"start":{"line":122,"column":4},"end":{"line":129,"column":null}},"28":{"start":{"line":131,"column":4},"end":{"line":131,"column":null}},"29":{"start":{"line":132,"column":4},"end":{"line":139,"column":null}},"30":{"start":{"line":142,"column":23},"end":{"line":691,"column":1}},"31":{"start":{"line":143,"column":17},"end":{"line":143,"column":20}},"32":{"start":{"line":145,"column":2},"end":{"line":690,"column":null}},"33":{"start":{"line":160,"column":8},"end":{"line":160,"column":16}},"34":{"start":{"line":162,"column":4},"end":{"line":174,"column":null}},"35":{"start":{"line":171,"column":6},"end":{"line":173,"column":null}},"36":{"start":{"line":183,"column":4},"end":{"line":187,"column":null}},"37":{"start":{"line":184,"column":6},"end":{"line":186,"column":null}},"38":{"start":{"line":189,"column":17},"end":{"line":189,"column":44}},"39":{"start":{"line":190,"column":4},"end":{"line":192,"column":null}},"40":{"start":{"line":191,"column":6},"end":{"line":191,"column":null}},"41":{"start":{"line":195,"column":28},"end":{"line":197,"column":5}},"42":{"start":{"line":196,"column":13},"end":{"line":196,"column":null}},"43":{"start":{"line":198,"column":4},"end":{"line":202,"column":null}},"44":{"start":{"line":199,"column":6},"end":{"line":201,"column":null}},"45":{"start":{"line":205,"column":22},"end":{"line":211,"column":5}},"46":{"start":{"line":212,"column":26},"end":{"line":212,"column":59}},"47":{"start":{"line":215,"column":4},"end":{"line":221,"column":null}},"48":{"start":{"line":216,"column":6},"end":{"line":216,"column":null}},"49":{"start":{"line":218,"column":6},"end":{"line":220,"column":null}},"50":{"start":{"line":224,"column":12},"end":{"line":224,"column":29}},"51":{"start":{"line":225,"column":26},"end":{"line":225,"column":27}},"52":{"start":{"line":226,"column":12},"end":{"line":226,"column":49}},"53":{"start":{"line":227,"column":20},"end":{"line":227,"column":21}},"54":{"start":{"line":230,"column":24},"end":{"line":230,"column":25}},"55":{"start":{"line":231,"column":4},"end":{"line":235,"column":null}},"56":{"start":{"line":232,"column":6},"end":{"line":234,"column":null}},"57":{"start":{"line":238,"column":24},"end":{"line":238,"column":30}},"58":{"start":{"line":239,"column":4},"end":{"line":243,"column":null}},"59":{"start":{"line":240,"column":6},"end":{"line":242,"column":null}},"60":{"start":{"line":246,"column":4},"end":{"line":248,"column":null}},"61":{"start":{"line":247,"column":6},"end":{"line":247,"column":null}},"62":{"start":{"line":251,"column":4},"end":{"line":260,"column":null}},"63":{"start":{"line":252,"column":6},"end":{"line":252,"column":null}},"64":{"start":{"line":253,"column":6},"end":{"line":253,"column":null}},"65":{"start":{"line":254,"column":11},"end":{"line":260,"column":null}},"66":{"start":{"line":255,"column":6},"end":{"line":255,"column":null}},"67":{"start":{"line":258,"column":6},"end":{"line":258,"column":null}},"68":{"start":{"line":259,"column":6},"end":{"line":259,"column":null}},"69":{"start":{"line":262,"column":4},"end":{"line":262,"column":null}},"70":{"start":{"line":263,"column":4},"end":{"line":263,"column":null}},"71":{"start":{"line":267,"column":29},"end":{"line":274,"column":5}},"72":{"start":{"line":275,"column":4},"end":{"line":277,"column":null}},"73":{"start":{"line":276,"column":6},"end":{"line":276,"column":null}},"74":{"start":{"line":278,"column":24},"end":{"line":278,"column":64}},"75":{"start":{"line":281,"column":23},"end":{"line":287,"column":6}},"76":{"start":{"line":291,"column":22},"end":{"line":300,"column":5}},"77":{"start":{"line":303,"column":4},"end":{"line":317,"column":null}},"78":{"start":{"line":304,"column":6},"end":{"line":304,"column":null}},"79":{"start":{"line":305,"column":6},"end":{"line":316,"column":null}},"80":{"start":{"line":320,"column":24},"end":{"line":320,"column":77}},"81":{"start":{"line":321,"column":28},"end":{"line":331,"column":5}},"82":{"start":{"line":332,"column":29},"end":{"line":335,"column":6}},"83":{"start":{"line":336,"column":4},"end":{"line":338,"column":null}},"84":{"start":{"line":337,"column":6},"end":{"line":337,"column":null}},"85":{"start":{"line":340,"column":17},"end":{"line":340,"column":21}},"86":{"start":{"line":342,"column":4},"end":{"line":565,"column":null}},"87":{"start":{"line":343,"column":28},"end":{"line":343,"column":50}},"88":{"start":{"line":344,"column":32},"end":{"line":344,"column":58}},"89":{"start":{"line":346,"column":6},"end":{"line":535,"column":null}},"90":{"start":{"line":349,"column":8},"end":{"line":463,"column":null}},"91":{"start":{"line":352,"column":10},"end":{"line":352,"column":null}},"92":{"start":{"line":353,"column":10},"end":{"line":358,"column":null}},"93":{"start":{"line":359,"column":10},"end":{"line":359,"column":null}},"94":{"start":{"line":360,"column":10},"end":{"line":360,"column":null}},"95":{"start":{"line":361,"column":10},"end":{"line":361,"column":null}},"96":{"start":{"line":364,"column":10},"end":{"line":376,"column":null}},"97":{"start":{"line":367,"column":32},"end":{"line":367,"column":62}},"98":{"start":{"line":368,"column":12},"end":{"line":370,"column":null}},"99":{"start":{"line":375,"column":12},"end":{"line":375,"column":null}},"100":{"start":{"line":380,"column":10},"end":{"line":459,"column":null}},"101":{"start":{"line":381,"column":12},"end":{"line":409,"column":null}},"102":{"start":{"line":383,"column":14},"end":{"line":385,"column":null}},"103":{"start":{"line":386,"column":14},"end":{"line":388,"column":null}},"104":{"start":{"line":390,"column":14},"end":{"line":392,"column":null}},"105":{"start":{"line":395,"column":14},"end":{"line":397,"column":null}},"106":{"start":{"line":398,"column":14},"end":{"line":400,"column":null}},"107":{"start":{"line":401,"column":14},"end":{"line":401,"column":null}},"108":{"start":{"line":402,"column":14},"end":{"line":408,"column":null}},"109":{"start":{"line":410,"column":17},"end":{"line":459,"column":null}},"110":{"start":{"line":411,"column":12},"end":{"line":458,"column":null}},"111":{"start":{"line":413,"column":14},"end":{"line":415,"column":null}},"112":{"start":{"line":416,"column":14},"end":{"line":418,"column":null}},"113":{"start":{"line":423,"column":14},"end":{"line":423,"column":null}},"114":{"start":{"line":426,"column":14},"end":{"line":435,"column":null}},"115":{"start":{"line":428,"column":16},"end":{"line":428,"column":null}},"116":{"start":{"line":429,"column":16},"end":{"line":429,"column":null}},"117":{"start":{"line":432,"column":16},"end":{"line":434,"column":null}},"118":{"start":{"line":439,"column":14},"end":{"line":441,"column":null}},"119":{"start":{"line":442,"column":14},"end":{"line":444,"column":null}},"120":{"start":{"line":445,"column":14},"end":{"line":445,"column":null}},"121":{"start":{"line":446,"column":14},"end":{"line":448,"column":null}},"122":{"start":{"line":449,"column":14},"end":{"line":449,"column":null}},"123":{"start":{"line":451,"column":14},"end":{"line":457,"column":null}},"124":{"start":{"line":460,"column":10},"end":{"line":460,"column":null}},"125":{"start":{"line":461,"column":10},"end":{"line":461,"column":null}},"126":{"start":{"line":462,"column":10},"end":{"line":462,"column":null}},"127":{"start":{"line":467,"column":8},"end":{"line":534,"column":null}},"128":{"start":{"line":468,"column":10},"end":{"line":468,"column":null}},"129":{"start":{"line":469,"column":10},"end":{"line":471,"column":null}},"130":{"start":{"line":472,"column":10},"end":{"line":477,"column":null}},"131":{"start":{"line":478,"column":10},"end":{"line":478,"column":null}},"132":{"start":{"line":479,"column":10},"end":{"line":479,"column":null}},"133":{"start":{"line":481,"column":10},"end":{"line":481,"column":null}},"134":{"start":{"line":484,"column":10},"end":{"line":486,"column":null}},"135":{"start":{"line":488,"column":10},"end":{"line":533,"column":null}},"136":{"start":{"line":489,"column":12},"end":{"line":510,"column":null}},"137":{"start":{"line":490,"column":14},"end":{"line":492,"column":null}},"138":{"start":{"line":493,"column":14},"end":{"line":495,"column":null}},"139":{"start":{"line":496,"column":14},"end":{"line":496,"column":null}},"140":{"start":{"line":497,"column":14},"end":{"line":497,"column":null}},"141":{"start":{"line":498,"column":14},"end":{"line":498,"column":null}},"142":{"start":{"line":500,"column":14},"end":{"line":502,"column":null}},"143":{"start":{"line":503,"column":14},"end":{"line":505,"column":null}},"144":{"start":{"line":506,"column":14},"end":{"line":506,"column":null}},"145":{"start":{"line":507,"column":14},"end":{"line":507,"column":null}},"146":{"start":{"line":508,"column":14},"end":{"line":508,"column":null}},"147":{"start":{"line":509,"column":14},"end":{"line":509,"column":null}},"148":{"start":{"line":512,"column":40},"end":{"line":512,"column":57}},"149":{"start":{"line":513,"column":12},"end":{"line":513,"column":null}},"150":{"start":{"line":514,"column":12},"end":{"line":516,"column":null}},"151":{"start":{"line":517,"column":12},"end":{"line":519,"column":null}},"152":{"start":{"line":520,"column":12},"end":{"line":527,"column":null}},"153":{"start":{"line":521,"column":34},"end":{"line":521,"column":64}},"154":{"start":{"line":522,"column":14},"end":{"line":524,"column":null}},"155":{"start":{"line":526,"column":14},"end":{"line":526,"column":null}},"156":{"start":{"line":528,"column":12},"end":{"line":528,"column":null}},"157":{"start":{"line":529,"column":12},"end":{"line":529,"column":null}},"158":{"start":{"line":530,"column":12},"end":{"line":530,"column":null}},"159":{"start":{"line":531,"column":12},"end":{"line":531,"column":null}},"160":{"start":{"line":532,"column":12},"end":{"line":532,"column":null}},"161":{"start":{"line":539,"column":6},"end":{"line":562,"column":null}},"162":{"start":{"line":563,"column":6},"end":{"line":563,"column":null}},"163":{"start":{"line":564,"column":6},"end":{"line":564,"column":null}},"164":{"start":{"line":568,"column":27},"end":{"line":568,"column":29}},"165":{"start":{"line":570,"column":4},"end":{"line":572,"column":null}},"166":{"start":{"line":571,"column":6},"end":{"line":571,"column":null}},"167":{"start":{"line":574,"column":4},"end":{"line":576,"column":null}},"168":{"start":{"line":575,"column":6},"end":{"line":575,"column":null}},"169":{"start":{"line":578,"column":4},"end":{"line":578,"column":null}},"170":{"start":{"line":579,"column":4},"end":{"line":579,"column":null}},"171":{"start":{"line":582,"column":4},"end":{"line":634,"column":null}},"172":{"start":{"line":583,"column":33},"end":{"line":583,"column":79}},"173":{"start":{"line":587,"column":28},"end":{"line":589,"column":7}},"174":{"start":{"line":588,"column":15},"end":{"line":588,"column":null}},"175":{"start":{"line":591,"column":6},"end":{"line":611,"column":null}},"176":{"start":{"line":593,"column":8},"end":{"line":593,"column":null}},"177":{"start":{"line":594,"column":8},"end":{"line":594,"column":null}},"178":{"start":{"line":595,"column":8},"end":{"line":595,"column":null}},"179":{"start":{"line":598,"column":8},"end":{"line":605,"column":null}},"180":{"start":{"line":599,"column":10},"end":{"line":599,"column":null}},"181":{"start":{"line":602,"column":10},"end":{"line":604,"column":null}},"182":{"start":{"line":608,"column":8},"end":{"line":610,"column":null}},"183":{"start":{"line":613,"column":6},"end":{"line":613,"column":null}},"184":{"start":{"line":615,"column":6},"end":{"line":615,"column":null}},"185":{"start":{"line":616,"column":6},"end":{"line":616,"column":45}},"186":{"start":{"line":619,"column":32},"end":{"line":619,"column":78}},"187":{"start":{"line":620,"column":6},"end":{"line":620,"column":null}},"188":{"start":{"line":621,"column":6},"end":{"line":621,"column":null}},"189":{"start":{"line":624,"column":6},"end":{"line":633,"column":null}},"190":{"start":{"line":625,"column":8},"end":{"line":627,"column":null}},"191":{"start":{"line":630,"column":8},"end":{"line":632,"column":null}},"192":{"start":{"line":637,"column":4},"end":{"line":637,"column":null}},"193":{"start":{"line":639,"column":3},"end":{"line":639,"column":null}},"194":{"start":{"line":640,"column":3},"end":{"line":640,"column":null}},"195":{"start":{"line":641,"column":3},"end":{"line":641,"column":null}},"196":{"start":{"line":644,"column":4},"end":{"line":653,"column":null}},"197":{"start":{"line":645,"column":6},"end":{"line":645,"column":null}},"198":{"start":{"line":646,"column":6},"end":{"line":646,"column":null}},"199":{"start":{"line":647,"column":6},"end":{"line":647,"column":null}},"200":{"start":{"line":649,"column":6},"end":{"line":652,"column":null}},"201":{"start":{"line":656,"column":23},"end":{"line":678,"column":6}},"202":{"start":{"line":680,"column":4},"end":{"line":680,"column":null}},"203":{"start":{"line":682,"column":4},"end":{"line":684,"column":null}},"204":{"start":{"line":686,"column":4},"end":{"line":686,"column":null}},"205":{"start":{"line":687,"column":4},"end":{"line":689,"column":null}},"206":{"start":{"line":694,"column":17},"end":{"line":1120,"column":1}},"207":{"start":{"line":695,"column":17},"end":{"line":695,"column":20}},"208":{"start":{"line":697,"column":2},"end":{"line":1119,"column":null}},"209":{"start":{"line":710,"column":8},"end":{"line":710,"column":16}},"210":{"start":{"line":713,"column":4},"end":{"line":715,"column":null}},"211":{"start":{"line":714,"column":6},"end":{"line":714,"column":null}},"212":{"start":{"line":717,"column":17},"end":{"line":717,"column":44}},"213":{"start":{"line":718,"column":4},"end":{"line":720,"column":null}},"214":{"start":{"line":719,"column":6},"end":{"line":719,"column":null}},"215":{"start":{"line":723,"column":4},"end":{"line":732,"column":null}},"216":{"start":{"line":724,"column":29},"end":{"line":726,"column":7}},"217":{"start":{"line":725,"column":15},"end":{"line":725,"column":null}},"218":{"start":{"line":727,"column":6},"end":{"line":731,"column":null}},"219":{"start":{"line":728,"column":8},"end":{"line":730,"column":null}},"220":{"start":{"line":734,"column":4},"end":{"line":736,"column":null}},"221":{"start":{"line":735,"column":6},"end":{"line":735,"column":null}},"222":{"start":{"line":739,"column":22},"end":{"line":739,"column":55}},"223":{"start":{"line":740,"column":26},"end":{"line":740,"column":59}},"224":{"start":{"line":744,"column":4},"end":{"line":746,"column":null}},"225":{"start":{"line":745,"column":6},"end":{"line":745,"column":null}},"226":{"start":{"line":749,"column":4},"end":{"line":778,"column":null}},"227":{"start":{"line":750,"column":6},"end":{"line":750,"column":null}},"228":{"start":{"line":753,"column":6},"end":{"line":777,"column":null}},"229":{"start":{"line":754,"column":8},"end":{"line":771,"column":null}},"230":{"start":{"line":773,"column":8},"end":{"line":776,"column":null}},"231":{"start":{"line":780,"column":12},"end":{"line":780,"column":29}},"232":{"start":{"line":781,"column":26},"end":{"line":781,"column":27}},"233":{"start":{"line":782,"column":12},"end":{"line":782,"column":49}},"234":{"start":{"line":783,"column":20},"end":{"line":783,"column":21}},"235":{"start":{"line":786,"column":4},"end":{"line":790,"column":null}},"236":{"start":{"line":787,"column":6},"end":{"line":789,"column":null}},"237":{"start":{"line":793,"column":4},"end":{"line":815,"column":null}},"238":{"start":{"line":800,"column":8},"end":{"line":800,"column":null}},"239":{"start":{"line":801,"column":8},"end":{"line":801,"column":null}},"240":{"start":{"line":802,"column":8},"end":{"line":802,"column":null}},"241":{"start":{"line":805,"column":8},"end":{"line":805,"column":null}},"242":{"start":{"line":806,"column":8},"end":{"line":806,"column":null}},"243":{"start":{"line":807,"column":8},"end":{"line":807,"column":null}},"244":{"start":{"line":810,"column":8},"end":{"line":810,"column":null}},"245":{"start":{"line":811,"column":8},"end":{"line":811,"column":null}},"246":{"start":{"line":812,"column":8},"end":{"line":812,"column":null}},"247":{"start":{"line":814,"column":8},"end":{"line":814,"column":null}},"248":{"start":{"line":817,"column":4},"end":{"line":817,"column":null}},"249":{"start":{"line":818,"column":4},"end":{"line":818,"column":null}},"250":{"start":{"line":823,"column":24},"end":{"line":828,"column":6}},"251":{"start":{"line":832,"column":23},"end":{"line":837,"column":6}},"252":{"start":{"line":841,"column":22},"end":{"line":850,"column":5}},"253":{"start":{"line":853,"column":4},"end":{"line":867,"column":null}},"254":{"start":{"line":854,"column":6},"end":{"line":854,"column":null}},"255":{"start":{"line":855,"column":6},"end":{"line":866,"column":null}},"256":{"start":{"line":870,"column":24},"end":{"line":870,"column":70}},"257":{"start":{"line":871,"column":28},"end":{"line":879,"column":5}},"258":{"start":{"line":880,"column":29},"end":{"line":883,"column":6}},"259":{"start":{"line":885,"column":4},"end":{"line":887,"column":null}},"260":{"start":{"line":886,"column":6},"end":{"line":886,"column":null}},"261":{"start":{"line":889,"column":17},"end":{"line":889,"column":21}},"262":{"start":{"line":890,"column":24},"end":{"line":890,"column":29}},"263":{"start":{"line":891,"column":28},"end":{"line":891,"column":32}},"264":{"start":{"line":893,"column":4},"end":{"line":1029,"column":null}},"265":{"start":{"line":894,"column":28},"end":{"line":894,"column":45}},"266":{"start":{"line":895,"column":32},"end":{"line":895,"column":53}},"267":{"start":{"line":898,"column":6},"end":{"line":904,"column":null}},"268":{"start":{"line":906,"column":6},"end":{"line":1003,"column":null}},"269":{"start":{"line":907,"column":8},"end":{"line":958,"column":null}},"270":{"start":{"line":909,"column":10},"end":{"line":909,"column":null}},"271":{"start":{"line":910,"column":10},"end":{"line":910,"column":null}},"272":{"start":{"line":911,"column":10},"end":{"line":916,"column":30}},"273":{"start":{"line":917,"column":10},"end":{"line":917,"column":null}},"274":{"start":{"line":918,"column":10},"end":{"line":918,"column":null}},"275":{"start":{"line":919,"column":10},"end":{"line":919,"column":null}},"276":{"start":{"line":920,"column":10},"end":{"line":920,"column":null}},"277":{"start":{"line":921,"column":10},"end":{"line":921,"column":null}},"278":{"start":{"line":924,"column":10},"end":{"line":924,"column":null}},"279":{"start":{"line":925,"column":10},"end":{"line":925,"column":null}},"280":{"start":{"line":926,"column":10},"end":{"line":955,"column":null}},"281":{"start":{"line":928,"column":12},"end":{"line":941,"column":null}},"282":{"start":{"line":930,"column":14},"end":{"line":930,"column":null}},"283":{"start":{"line":931,"column":14},"end":{"line":931,"column":null}},"284":{"start":{"line":932,"column":14},"end":{"line":932,"column":null}},"285":{"start":{"line":937,"column":14},"end":{"line":937,"column":null}},"286":{"start":{"line":938,"column":14},"end":{"line":938,"column":null}},"287":{"start":{"line":939,"column":14},"end":{"line":939,"column":null}},"288":{"start":{"line":940,"column":14},"end":{"line":940,"column":null}},"289":{"start":{"line":942,"column":17},"end":{"line":955,"column":null}},"290":{"start":{"line":943,"column":12},"end":{"line":954,"column":null}},"291":{"start":{"line":945,"column":14},"end":{"line":945,"column":null}},"292":{"start":{"line":946,"column":14},"end":{"line":946,"column":null}},"293":{"start":{"line":947,"column":14},"end":{"line":947,"column":null}},"294":{"start":{"line":950,"column":14},"end":{"line":950,"column":null}},"295":{"start":{"line":951,"column":14},"end":{"line":951,"column":null}},"296":{"start":{"line":952,"column":14},"end":{"line":952,"column":null}},"297":{"start":{"line":953,"column":14},"end":{"line":953,"column":null}},"298":{"start":{"line":956,"column":10},"end":{"line":956,"column":null}},"299":{"start":{"line":957,"column":10},"end":{"line":957,"column":null}},"300":{"start":{"line":961,"column":8},"end":{"line":1002,"column":null}},"301":{"start":{"line":962,"column":10},"end":{"line":962,"column":null}},"302":{"start":{"line":963,"column":10},"end":{"line":963,"column":null}},"303":{"start":{"line":964,"column":10},"end":{"line":985,"column":null}},"304":{"start":{"line":965,"column":12},"end":{"line":965,"column":null}},"305":{"start":{"line":966,"column":12},"end":{"line":966,"column":null}},"306":{"start":{"line":968,"column":12},"end":{"line":968,"column":null}},"307":{"start":{"line":970,"column":12},"end":{"line":970,"column":null}},"308":{"start":{"line":971,"column":12},"end":{"line":971,"column":null}},"309":{"start":{"line":977,"column":12},"end":{"line":977,"column":null}},"310":{"start":{"line":979,"column":12},"end":{"line":979,"column":null}},"311":{"start":{"line":981,"column":12},"end":{"line":981,"column":null}},"312":{"start":{"line":982,"column":12},"end":{"line":982,"column":null}},"313":{"start":{"line":983,"column":12},"end":{"line":983,"column":null}},"314":{"start":{"line":984,"column":12},"end":{"line":984,"column":null}},"315":{"start":{"line":988,"column":10},"end":{"line":988,"column":null}},"316":{"start":{"line":989,"column":10},"end":{"line":989,"column":null}},"317":{"start":{"line":990,"column":10},"end":{"line":990,"column":null}},"318":{"start":{"line":992,"column":10},"end":{"line":992,"column":null}},"319":{"start":{"line":994,"column":10},"end":{"line":994,"column":null}},"320":{"start":{"line":995,"column":10},"end":{"line":995,"column":null}},"321":{"start":{"line":997,"column":10},"end":{"line":997,"column":null}},"322":{"start":{"line":998,"column":10},"end":{"line":998,"column":null}},"323":{"start":{"line":999,"column":10},"end":{"line":999,"column":null}},"324":{"start":{"line":1000,"column":10},"end":{"line":1000,"column":null}},"325":{"start":{"line":1001,"column":10},"end":{"line":1001,"column":null}},"326":{"start":{"line":1006,"column":6},"end":{"line":1006,"column":null}},"327":{"start":{"line":1007,"column":6},"end":{"line":1027,"column":null}},"328":{"start":{"line":1028,"column":6},"end":{"line":1028,"column":null}},"329":{"start":{"line":1032,"column":27},"end":{"line":1032,"column":29}},"330":{"start":{"line":1033,"column":4},"end":{"line":1033,"column":null}},"331":{"start":{"line":1033,"column":21},"end":{"line":1033,"column":null}},"332":{"start":{"line":1034,"column":4},"end":{"line":1034,"column":null}},"333":{"start":{"line":1034,"column":16},"end":{"line":1034,"column":null}},"334":{"start":{"line":1037,"column":4},"end":{"line":1037,"column":null}},"335":{"start":{"line":1042,"column":31},"end":{"line":1042,"column":77}},"336":{"start":{"line":1043,"column":4},"end":{"line":1043,"column":null}},"337":{"start":{"line":1046,"column":4},"end":{"line":1046,"column":null}},"338":{"start":{"line":1049,"column":4},"end":{"line":1060,"column":null}},"339":{"start":{"line":1050,"column":6},"end":{"line":1050,"column":null}},"340":{"start":{"line":1051,"column":6},"end":{"line":1051,"column":null}},"341":{"start":{"line":1052,"column":6},"end":{"line":1052,"column":null}},"342":{"start":{"line":1053,"column":6},"end":{"line":1053,"column":null}},"343":{"start":{"line":1054,"column":6},"end":{"line":1056,"column":null}},"344":{"start":{"line":1059,"column":6},"end":{"line":1059,"column":null}},"345":{"start":{"line":1062,"column":4},"end":{"line":1062,"column":null}},"346":{"start":{"line":1066,"column":4},"end":{"line":1066,"column":null}},"347":{"start":{"line":1067,"column":3},"end":{"line":1067,"column":null}},"348":{"start":{"line":1068,"column":3},"end":{"line":1068,"column":null}},"349":{"start":{"line":1069,"column":3},"end":{"line":1069,"column":null}},"350":{"start":{"line":1070,"column":4},"end":{"line":1070,"column":null}},"351":{"start":{"line":1073,"column":4},"end":{"line":1082,"column":null}},"352":{"start":{"line":1074,"column":6},"end":{"line":1074,"column":null}},"353":{"start":{"line":1075,"column":6},"end":{"line":1075,"column":null}},"354":{"start":{"line":1076,"column":6},"end":{"line":1076,"column":null}},"355":{"start":{"line":1078,"column":6},"end":{"line":1081,"column":null}},"356":{"start":{"line":1085,"column":23},"end":{"line":1106,"column":6}},"357":{"start":{"line":1107,"column":4},"end":{"line":1107,"column":null}},"358":{"start":{"line":1109,"column":4},"end":{"line":1109,"column":null}},"359":{"start":{"line":1111,"column":4},"end":{"line":1115,"column":null}},"360":{"start":{"line":1116,"column":4},"end":{"line":1118,"column":null}},"361":{"start":{"line":1121,"column":29},"end":{"line":1592,"column":1}},"362":{"start":{"line":1122,"column":17},"end":{"line":1122,"column":20}},"363":{"start":{"line":1124,"column":2},"end":{"line":1591,"column":null}},"364":{"start":{"line":1137,"column":8},"end":{"line":1137,"column":16}},"365":{"start":{"line":1140,"column":4},"end":{"line":1142,"column":null}},"366":{"start":{"line":1141,"column":6},"end":{"line":1141,"column":null}},"367":{"start":{"line":1144,"column":17},"end":{"line":1144,"column":44}},"368":{"start":{"line":1145,"column":4},"end":{"line":1147,"column":null}},"369":{"start":{"line":1146,"column":6},"end":{"line":1146,"column":null}},"370":{"start":{"line":1150,"column":4},"end":{"line":1159,"column":null}},"371":{"start":{"line":1151,"column":29},"end":{"line":1153,"column":7}},"372":{"start":{"line":1152,"column":15},"end":{"line":1152,"column":null}},"373":{"start":{"line":1154,"column":6},"end":{"line":1158,"column":null}},"374":{"start":{"line":1155,"column":8},"end":{"line":1157,"column":null}},"375":{"start":{"line":1161,"column":4},"end":{"line":1163,"column":null}},"376":{"start":{"line":1162,"column":6},"end":{"line":1162,"column":null}},"377":{"start":{"line":1165,"column":22},"end":{"line":1165,"column":55}},"378":{"start":{"line":1166,"column":26},"end":{"line":1166,"column":59}},"379":{"start":{"line":1170,"column":4},"end":{"line":1172,"column":null}},"380":{"start":{"line":1171,"column":6},"end":{"line":1171,"column":null}},"381":{"start":{"line":1174,"column":4},"end":{"line":1203,"column":null}},"382":{"start":{"line":1175,"column":6},"end":{"line":1175,"column":null}},"383":{"start":{"line":1177,"column":6},"end":{"line":1202,"column":null}},"384":{"start":{"line":1178,"column":25},"end":{"line":1195,"column":9}},"385":{"start":{"line":1197,"column":8},"end":{"line":1197,"column":null}},"386":{"start":{"line":1198,"column":8},"end":{"line":1201,"column":null}},"387":{"start":{"line":1205,"column":12},"end":{"line":1205,"column":29}},"388":{"start":{"line":1206,"column":12},"end":{"line":1206,"column":49}},"389":{"start":{"line":1207,"column":20},"end":{"line":1207,"column":21}},"390":{"start":{"line":1210,"column":4},"end":{"line":1221,"column":null}},"391":{"start":{"line":1216,"column":8},"end":{"line":1216,"column":null}},"392":{"start":{"line":1217,"column":8},"end":{"line":1217,"column":null}},"393":{"start":{"line":1218,"column":8},"end":{"line":1218,"column":null}},"394":{"start":{"line":1220,"column":8},"end":{"line":1220,"column":null}},"395":{"start":{"line":1223,"column":4},"end":{"line":1223,"column":null}},"396":{"start":{"line":1224,"column":4},"end":{"line":1224,"column":null}},"397":{"start":{"line":1228,"column":28},"end":{"line":1234,"column":6}},"398":{"start":{"line":1236,"column":27},"end":{"line":1241,"column":5}},"399":{"start":{"line":1243,"column":4},"end":{"line":1255,"column":null}},"400":{"start":{"line":1244,"column":6},"end":{"line":1254,"column":null}},"401":{"start":{"line":1257,"column":24},"end":{"line":1257,"column":70}},"402":{"start":{"line":1258,"column":28},"end":{"line":1266,"column":5}},"403":{"start":{"line":1267,"column":29},"end":{"line":1270,"column":6}},"404":{"start":{"line":1272,"column":4},"end":{"line":1274,"column":null}},"405":{"start":{"line":1273,"column":6},"end":{"line":1273,"column":null}},"406":{"start":{"line":1277,"column":21},"end":{"line":1285,"column":6}},"407":{"start":{"line":1288,"column":24},"end":{"line":1297,"column":10}},"408":{"start":{"line":1300,"column":22},"end":{"line":1300,"column":26}},"409":{"start":{"line":1301,"column":24},"end":{"line":1301,"column":29}},"410":{"start":{"line":1302,"column":28},"end":{"line":1302,"column":32}},"411":{"start":{"line":1304,"column":4},"end":{"line":1519,"column":null}},"412":{"start":{"line":1307,"column":6},"end":{"line":1313,"column":null}},"413":{"start":{"line":1314,"column":6},"end":{"line":1314,"column":null}},"414":{"start":{"line":1316,"column":6},"end":{"line":1316,"column":null}},"415":{"start":{"line":1317,"column":6},"end":{"line":1317,"column":null}},"416":{"start":{"line":1318,"column":6},"end":{"line":1318,"column":null}},"417":{"start":{"line":1319,"column":6},"end":{"line":1319,"column":null}},"418":{"start":{"line":1320,"column":6},"end":{"line":1320,"column":null}},"419":{"start":{"line":1321,"column":6},"end":{"line":1321,"column":null}},"420":{"start":{"line":1322,"column":6},"end":{"line":1322,"column":33}},"421":{"start":{"line":1323,"column":6},"end":{"line":1325,"column":null}},"422":{"start":{"line":1326,"column":11},"end":{"line":1519,"column":null}},"423":{"start":{"line":1331,"column":8},"end":{"line":1336,"column":70}},"424":{"start":{"line":1340,"column":8},"end":{"line":1345,"column":33}},"425":{"start":{"line":1347,"column":6},"end":{"line":1491,"column":null}},"426":{"start":{"line":1349,"column":8},"end":{"line":1349,"column":null}},"427":{"start":{"line":1350,"column":8},"end":{"line":1356,"column":null}},"428":{"start":{"line":1357,"column":8},"end":{"line":1359,"column":null}},"429":{"start":{"line":1361,"column":30},"end":{"line":1361,"column":47}},"430":{"start":{"line":1362,"column":34},"end":{"line":1362,"column":55}},"431":{"start":{"line":1364,"column":8},"end":{"line":1394,"column":null}},"432":{"start":{"line":1365,"column":10},"end":{"line":1378,"column":null}},"433":{"start":{"line":1367,"column":12},"end":{"line":1367,"column":null}},"434":{"start":{"line":1368,"column":12},"end":{"line":1368,"column":null}},"435":{"start":{"line":1369,"column":12},"end":{"line":1369,"column":null}},"436":{"start":{"line":1370,"column":12},"end":{"line":1370,"column":null}},"437":{"start":{"line":1373,"column":12},"end":{"line":1373,"column":null}},"438":{"start":{"line":1374,"column":12},"end":{"line":1374,"column":null}},"439":{"start":{"line":1375,"column":12},"end":{"line":1375,"column":null}},"440":{"start":{"line":1376,"column":12},"end":{"line":1376,"column":null}},"441":{"start":{"line":1377,"column":12},"end":{"line":1377,"column":null}},"442":{"start":{"line":1379,"column":15},"end":{"line":1394,"column":null}},"443":{"start":{"line":1380,"column":10},"end":{"line":1393,"column":null}},"444":{"start":{"line":1382,"column":12},"end":{"line":1382,"column":null}},"445":{"start":{"line":1383,"column":12},"end":{"line":1383,"column":null}},"446":{"start":{"line":1384,"column":12},"end":{"line":1384,"column":null}},"447":{"start":{"line":1385,"column":12},"end":{"line":1385,"column":null}},"448":{"start":{"line":1388,"column":12},"end":{"line":1388,"column":null}},"449":{"start":{"line":1389,"column":12},"end":{"line":1389,"column":null}},"450":{"start":{"line":1390,"column":12},"end":{"line":1390,"column":null}},"451":{"start":{"line":1391,"column":12},"end":{"line":1391,"column":null}},"452":{"start":{"line":1392,"column":12},"end":{"line":1392,"column":null}},"453":{"start":{"line":1395,"column":8},"end":{"line":1395,"column":null}},"454":{"start":{"line":1396,"column":8},"end":{"line":1396,"column":null}},"455":{"start":{"line":1397,"column":8},"end":{"line":1397,"column":null}},"456":{"start":{"line":1398,"column":8},"end":{"line":1398,"column":null}},"457":{"start":{"line":1399,"column":8},"end":{"line":1399,"column":38}},"458":{"start":{"line":1400,"column":8},"end":{"line":1400,"column":null}},"459":{"start":{"line":1401,"column":13},"end":{"line":1491,"column":null}},"460":{"start":{"line":1403,"column":8},"end":{"line":1403,"column":null}},"461":{"start":{"line":1404,"column":8},"end":{"line":1410,"column":null}},"462":{"start":{"line":1411,"column":8},"end":{"line":1413,"column":null}},"463":{"start":{"line":1415,"column":30},"end":{"line":1415,"column":47}},"464":{"start":{"line":1416,"column":34},"end":{"line":1416,"column":55}},"465":{"start":{"line":1418,"column":8},"end":{"line":1448,"column":null}},"466":{"start":{"line":1419,"column":10},"end":{"line":1432,"column":null}},"467":{"start":{"line":1421,"column":12},"end":{"line":1421,"column":null}},"468":{"start":{"line":1422,"column":12},"end":{"line":1422,"column":null}},"469":{"start":{"line":1423,"column":12},"end":{"line":1423,"column":null}},"470":{"start":{"line":1424,"column":12},"end":{"line":1424,"column":null}},"471":{"start":{"line":1427,"column":12},"end":{"line":1427,"column":null}},"472":{"start":{"line":1428,"column":12},"end":{"line":1428,"column":null}},"473":{"start":{"line":1429,"column":12},"end":{"line":1429,"column":null}},"474":{"start":{"line":1430,"column":12},"end":{"line":1430,"column":null}},"475":{"start":{"line":1431,"column":12},"end":{"line":1431,"column":null}},"476":{"start":{"line":1433,"column":15},"end":{"line":1448,"column":null}},"477":{"start":{"line":1434,"column":10},"end":{"line":1447,"column":null}},"478":{"start":{"line":1436,"column":12},"end":{"line":1436,"column":null}},"479":{"start":{"line":1437,"column":12},"end":{"line":1437,"column":null}},"480":{"start":{"line":1438,"column":12},"end":{"line":1438,"column":null}},"481":{"start":{"line":1439,"column":12},"end":{"line":1439,"column":null}},"482":{"start":{"line":1442,"column":12},"end":{"line":1442,"column":null}},"483":{"start":{"line":1443,"column":12},"end":{"line":1443,"column":null}},"484":{"start":{"line":1444,"column":12},"end":{"line":1444,"column":null}},"485":{"start":{"line":1445,"column":12},"end":{"line":1445,"column":null}},"486":{"start":{"line":1446,"column":12},"end":{"line":1446,"column":null}},"487":{"start":{"line":1449,"column":8},"end":{"line":1449,"column":null}},"488":{"start":{"line":1450,"column":8},"end":{"line":1450,"column":null}},"489":{"start":{"line":1451,"column":8},"end":{"line":1451,"column":null}},"490":{"start":{"line":1452,"column":8},"end":{"line":1452,"column":null}},"491":{"start":{"line":1453,"column":8},"end":{"line":1453,"column":38}},"492":{"start":{"line":1454,"column":8},"end":{"line":1454,"column":null}},"493":{"start":{"line":1457,"column":8},"end":{"line":1457,"column":null}},"494":{"start":{"line":1458,"column":8},"end":{"line":1464,"column":null}},"495":{"start":{"line":1465,"column":8},"end":{"line":1467,"column":null}},"496":{"start":{"line":1469,"column":8},"end":{"line":1469,"column":null}},"497":{"start":{"line":1470,"column":23},"end":{"line":1487,"column":10}},"498":{"start":{"line":1488,"column":8},"end":{"line":1488,"column":null}},"499":{"start":{"line":1489,"column":8},"end":{"line":1489,"column":33}},"500":{"start":{"line":1490,"column":8},"end":{"line":1490,"column":null}},"501":{"start":{"line":1494,"column":6},"end":{"line":1496,"column":null}},"502":{"start":{"line":1498,"column":21},"end":{"line":1516,"column":8}},"503":{"start":{"line":1517,"column":6},"end":{"line":1517,"column":null}},"504":{"start":{"line":1518,"column":6},"end":{"line":1518,"column":31}},"505":{"start":{"line":1522,"column":23},"end":{"line":1543,"column":6}},"506":{"start":{"line":1545,"column":4},"end":{"line":1545,"column":null}},"507":{"start":{"line":1548,"column":31},"end":{"line":1548,"column":77}},"508":{"start":{"line":1549,"column":4},"end":{"line":1549,"column":null}},"509":{"start":{"line":1550,"column":4},"end":{"line":1550,"column":null}},"510":{"start":{"line":1553,"column":4},"end":{"line":1562,"column":null}},"511":{"start":{"line":1554,"column":6},"end":{"line":1554,"column":null}},"512":{"start":{"line":1555,"column":6},"end":{"line":1555,"column":null}},"513":{"start":{"line":1556,"column":6},"end":{"line":1556,"column":null}},"514":{"start":{"line":1557,"column":6},"end":{"line":1557,"column":null}},"515":{"start":{"line":1558,"column":6},"end":{"line":1560,"column":null}},"516":{"start":{"line":1561,"column":6},"end":{"line":1561,"column":null}},"517":{"start":{"line":1564,"column":4},"end":{"line":1564,"column":null}},"518":{"start":{"line":1566,"column":4},"end":{"line":1568,"column":null}},"519":{"start":{"line":1571,"column":4},"end":{"line":1578,"column":null}},"520":{"start":{"line":1572,"column":6},"end":{"line":1572,"column":null}},"521":{"start":{"line":1574,"column":6},"end":{"line":1577,"column":null}},"522":{"start":{"line":1581,"column":3},"end":{"line":1581,"column":null}},"523":{"start":{"line":1582,"column":3},"end":{"line":1582,"column":null}},"524":{"start":{"line":1583,"column":3},"end":{"line":1583,"column":null}},"525":{"start":{"line":1585,"column":4},"end":{"line":1585,"column":null}},"526":{"start":{"line":1587,"column":4},"end":{"line":1587,"column":null}},"527":{"start":{"line":1588,"column":4},"end":{"line":1590,"column":null}},"528":{"start":{"line":1594,"column":34},"end":{"line":1920,"column":1}},"529":{"start":{"line":1595,"column":19},"end":{"line":1605,"column":3}},"530":{"start":{"line":1607,"column":27},"end":{"line":1607,"column":28}},"531":{"start":{"line":1608,"column":20},"end":{"line":1608,"column":30}},"532":{"start":{"line":1610,"column":2},"end":{"line":1919,"column":null}},"533":{"start":{"line":1612,"column":21},"end":{"line":1617,"column":6}},"534":{"start":{"line":1619,"column":4},"end":{"line":1626,"column":null}},"535":{"start":{"line":1620,"column":6},"end":{"line":1625,"column":null}},"536":{"start":{"line":1629,"column":20},"end":{"line":1629,"column":63}},"537":{"start":{"line":1629,"column":52},"end":{"line":1629,"column":60}},"538":{"start":{"line":1630,"column":22},"end":{"line":1630,"column":74}},"539":{"start":{"line":1630,"column":42},"end":{"line":1630,"column":73}},"540":{"start":{"line":1631,"column":18},"end":{"line":1631,"column":66}},"541":{"start":{"line":1632,"column":20},"end":{"line":1632,"column":68}},"542":{"start":{"line":1632,"column":45},"end":{"line":1632,"column":66}},"543":{"start":{"line":1635,"column":24},"end":{"line":1641,"column":10}},"544":{"start":{"line":1636,"column":6},"end":{"line":1636,"column":null}},"545":{"start":{"line":1636,"column":24},"end":{"line":1636,"column":null}},"546":{"start":{"line":1637,"column":23},"end":{"line":1637,"column":69}},"547":{"start":{"line":1638,"column":6},"end":{"line":1638,"column":null}},"548":{"start":{"line":1638,"column":26},"end":{"line":1638,"column":null}},"549":{"start":{"line":1639,"column":6},"end":{"line":1639,"column":null}},"550":{"start":{"line":1640,"column":6},"end":{"line":1640,"column":null}},"551":{"start":{"line":1644,"column":4},"end":{"line":1852,"column":null}},"552":{"start":{"line":1645,"column":21},"end":{"line":1645,"column":43}},"553":{"start":{"line":1646,"column":24},"end":{"line":1648,"column":7}},"554":{"start":{"line":1647,"column":15},"end":{"line":1647,"column":null}},"555":{"start":{"line":1649,"column":6},"end":{"line":1649,"column":null}},"556":{"start":{"line":1649,"column":29},"end":{"line":1649,"column":null}},"557":{"start":{"line":1651,"column":24},"end":{"line":1651,"column":36}},"558":{"start":{"line":1655,"column":6},"end":{"line":1684,"column":null}},"559":{"start":{"line":1656,"column":24},"end":{"line":1664,"column":9}},"560":{"start":{"line":1667,"column":8},"end":{"line":1679,"column":null}},"561":{"start":{"line":1668,"column":10},"end":{"line":1672,"column":null}},"562":{"start":{"line":1674,"column":10},"end":{"line":1678,"column":null}},"563":{"start":{"line":1680,"column":8},"end":{"line":1680,"column":null}},"564":{"start":{"line":1682,"column":8},"end":{"line":1682,"column":null}},"565":{"start":{"line":1683,"column":8},"end":{"line":1683,"column":null}},"566":{"start":{"line":1687,"column":6},"end":{"line":1690,"column":null}},"567":{"start":{"line":1692,"column":6},"end":{"line":1692,"column":null}},"568":{"start":{"line":1692,"column":37},"end":{"line":1692,"column":null}},"569":{"start":{"line":1694,"column":21},"end":{"line":1694,"column":51}},"570":{"start":{"line":1697,"column":21},"end":{"line":1697,"column":52}},"571":{"start":{"line":1698,"column":21},"end":{"line":1698,"column":52}},"572":{"start":{"line":1700,"column":6},"end":{"line":1702,"column":null}},"573":{"start":{"line":1705,"column":6},"end":{"line":1851,"column":null}},"574":{"start":{"line":1706,"column":8},"end":{"line":1850,"column":null}},"575":{"start":{"line":1707,"column":23},"end":{"line":1707,"column":57}},"576":{"start":{"line":1708,"column":10},"end":{"line":1710,"column":null}},"577":{"start":{"line":1709,"column":12},"end":{"line":1709,"column":null}},"578":{"start":{"line":1714,"column":10},"end":{"line":1727,"column":null}},"579":{"start":{"line":1715,"column":12},"end":{"line":1715,"column":null}},"580":{"start":{"line":1716,"column":17},"end":{"line":1727,"column":null}},"581":{"start":{"line":1717,"column":12},"end":{"line":1720,"column":null}},"582":{"start":{"line":1722,"column":12},"end":{"line":1726,"column":null}},"583":{"start":{"line":1729,"column":10},"end":{"line":1735,"column":null}},"584":{"start":{"line":1730,"column":12},"end":{"line":1733,"column":null}},"585":{"start":{"line":1734,"column":12},"end":{"line":1734,"column":null}},"586":{"start":{"line":1739,"column":29},"end":{"line":1743,"column":11}},"587":{"start":{"line":1744,"column":10},"end":{"line":1749,"column":null}},"588":{"start":{"line":1745,"column":12},"end":{"line":1747,"column":null}},"589":{"start":{"line":1748,"column":12},"end":{"line":1748,"column":null}},"590":{"start":{"line":1750,"column":10},"end":{"line":1750,"column":null}},"591":{"start":{"line":1752,"column":10},"end":{"line":1763,"column":null}},"592":{"start":{"line":1753,"column":12},"end":{"line":1755,"column":null}},"593":{"start":{"line":1756,"column":12},"end":{"line":1762,"column":null}},"594":{"start":{"line":1766,"column":36},"end":{"line":1769,"column":12}},"595":{"start":{"line":1771,"column":10},"end":{"line":1841,"column":null}},"596":{"start":{"line":1773,"column":12},"end":{"line":1840,"column":null}},"597":{"start":{"line":1774,"column":14},"end":{"line":1786,"column":null}},"598":{"start":{"line":1787,"column":14},"end":{"line":1787,"column":null}},"599":{"start":{"line":1790,"column":34},"end":{"line":1790,"column":71}},"600":{"start":{"line":1791,"column":33},"end":{"line":1791,"column":61}},"601":{"start":{"line":1793,"column":16},"end":{"line":1795,"column":70}},"602":{"start":{"line":1801,"column":14},"end":{"line":1821,"column":null}},"603":{"start":{"line":1802,"column":16},"end":{"line":1810,"column":null}},"604":{"start":{"line":1803,"column":18},"end":{"line":1803,"column":null}},"605":{"start":{"line":1804,"column":18},"end":{"line":1804,"column":null}},"606":{"start":{"line":1805,"column":18},"end":{"line":1805,"column":null}},"607":{"start":{"line":1807,"column":18},"end":{"line":1807,"column":null}},"608":{"start":{"line":1808,"column":18},"end":{"line":1808,"column":null}},"609":{"start":{"line":1809,"column":18},"end":{"line":1809,"column":null}},"610":{"start":{"line":1812,"column":16},"end":{"line":1820,"column":null}},"611":{"start":{"line":1813,"column":18},"end":{"line":1813,"column":null}},"612":{"start":{"line":1814,"column":18},"end":{"line":1814,"column":null}},"613":{"start":{"line":1815,"column":18},"end":{"line":1815,"column":null}},"614":{"start":{"line":1817,"column":18},"end":{"line":1817,"column":null}},"615":{"start":{"line":1818,"column":18},"end":{"line":1818,"column":null}},"616":{"start":{"line":1819,"column":18},"end":{"line":1819,"column":null}},"617":{"start":{"line":1823,"column":14},"end":{"line":1835,"column":null}},"618":{"start":{"line":1837,"column":14},"end":{"line":1839,"column":null}},"619":{"start":{"line":1843,"column":10},"end":{"line":1843,"column":null}},"620":{"start":{"line":1845,"column":10},"end":{"line":1847,"column":null}},"621":{"start":{"line":1849,"column":10},"end":{"line":1849,"column":null}},"622":{"start":{"line":1855,"column":32},"end":{"line":1857,"column":5}},"623":{"start":{"line":1856,"column":37},"end":{"line":1856,"column":56}},"624":{"start":{"line":1859,"column":4},"end":{"line":1894,"column":null}},"625":{"start":{"line":1860,"column":6},"end":{"line":1893,"column":null}},"626":{"start":{"line":1861,"column":35},"end":{"line":1864,"column":10}},"627":{"start":{"line":1867,"column":10},"end":{"line":1867,"column":71}},"628":{"start":{"line":1870,"column":26},"end":{"line":1881,"column":9}},"629":{"start":{"line":1883,"column":8},"end":{"line":1887,"column":null}},"630":{"start":{"line":1884,"column":9},"end":{"line":1884,"column":null}},"631":{"start":{"line":1885,"column":9},"end":{"line":1885,"column":null}},"632":{"start":{"line":1886,"column":9},"end":{"line":1886,"column":null}},"633":{"start":{"line":1889,"column":8},"end":{"line":1892,"column":null}},"634":{"start":{"line":1897,"column":4},"end":{"line":1899,"column":null}},"635":{"start":{"line":1898,"column":6},"end":{"line":1898,"column":null}},"636":{"start":{"line":1901,"column":27},"end":{"line":1901,"column":49}},"637":{"start":{"line":1903,"column":4},"end":{"line":1910,"column":null}},"638":{"start":{"line":1912,"column":4},"end":{"line":1912,"column":null}},"639":{"start":{"line":1913,"column":4},"end":{"line":1918,"column":null}},"640":{"start":{"line":1923,"column":16},"end":{"line":1923,"column":33}},"641":{"start":{"line":1924,"column":15},"end":{"line":1924,"column":29}},"642":{"start":{"line":1926,"column":20},"end":{"line":1926,"column":49}},"643":{"start":{"line":1927,"column":17},"end":{"line":1927,"column":52}},"644":{"start":{"line":1929,"column":16},"end":{"line":1929,"column":42}},"645":{"start":{"line":1930,"column":17},"end":{"line":1930,"column":44}},"646":{"start":{"line":1931,"column":17},"end":{"line":1931,"column":33}},"647":{"start":{"line":1932,"column":16},"end":{"line":1932,"column":46}},"648":{"start":{"line":1934,"column":21},"end":{"line":1934,"column":23}},"649":{"start":{"line":1936,"column":2},"end":{"line":1936,"column":null}},"650":{"start":{"line":1936,"column":13},"end":{"line":1936,"column":null}},"651":{"start":{"line":1937,"column":2},"end":{"line":1937,"column":null}},"652":{"start":{"line":1937,"column":14},"end":{"line":1937,"column":null}},"653":{"start":{"line":1938,"column":2},"end":{"line":1939,"column":null}},"654":{"start":{"line":1938,"column":14},"end":{"line":1938,"column":null}},"655":{"start":{"line":1939,"column":7},"end":{"line":1939,"column":null}},"656":{"start":{"line":1941,"column":2},"end":{"line":1942,"column":null}},"657":{"start":{"line":1941,"column":13},"end":{"line":1941,"column":null}},"658":{"start":{"line":1942,"column":7},"end":{"line":1942,"column":null}},"659":{"start":{"line":1944,"column":2},"end":{"line":1944,"column":null}},"660":{"start":{"line":1946,"column":2},"end":{"line":1946,"column":null}},"661":{"start":{"line":1946,"column":34},"end":{"line":1946,"column":null}},"662":{"start":{"line":1947,"column":2},"end":{"line":1947,"column":null}},"663":{"start":{"line":1947,"column":34},"end":{"line":1947,"column":null}},"664":{"start":{"line":1948,"column":2},"end":{"line":1948,"column":null}},"665":{"start":{"line":1948,"column":35},"end":{"line":1948,"column":null}},"666":{"start":{"line":1949,"column":2},"end":{"line":1949,"column":null}},"667":{"start":{"line":1949,"column":37},"end":{"line":1949,"column":null}},"668":{"start":{"line":1951,"column":2},"end":{"line":1951,"column":null}},"669":{"start":{"line":1955,"column":25},"end":{"line":1955,"column":60}},"670":{"start":{"line":1956,"column":2},"end":{"line":1956,"column":null}},"671":{"start":{"line":1959,"column":40},"end":{"line":2799,"column":1}},"672":{"start":{"line":1960,"column":20},"end":{"line":1960,"column":44}},"673":{"start":{"line":1963,"column":2},"end":{"line":1970,"column":null}},"674":{"start":{"line":1965,"column":21},"end":{"line":1968,"column":5}},"675":{"start":{"line":1969,"column":4},"end":{"line":1969,"column":null}},"676":{"start":{"line":1973,"column":2},"end":{"line":1973,"column":null}},"677":{"start":{"line":1976,"column":25},"end":{"line":1976,"column":33}},"678":{"start":{"line":1977,"column":24},"end":{"line":1977,"column":32}},"679":{"start":{"line":1978,"column":27},"end":{"line":1978,"column":28}},"680":{"start":{"line":1980,"column":20},"end":{"line":1980,"column":44}},"681":{"start":{"line":1982,"column":2},"end":{"line":2798,"column":null}},"682":{"start":{"line":1984,"column":17},"end":{"line":1987,"column":6}},"683":{"start":{"line":1989,"column":4},"end":{"line":2124,"column":null}},"684":{"start":{"line":1996,"column":6},"end":{"line":2111,"column":null}},"685":{"start":{"line":1998,"column":30},"end":{"line":2004,"column":9}},"686":{"start":{"line":2001,"column":34},"end":{"line":2001,"column":78}},"687":{"start":{"line":2002,"column":31},"end":{"line":2002,"column":44}},"688":{"start":{"line":2012,"column":24},"end":{"line":2012,"column":79}},"689":{"start":{"line":2014,"column":8},"end":{"line":2105,"column":null}},"690":{"start":{"line":2015,"column":10},"end":{"line":2104,"column":null}},"691":{"start":{"line":2017,"column":31},"end":{"line":2017,"column":35}},"692":{"start":{"line":2018,"column":29},"end":{"line":2018,"column":30}},"693":{"start":{"line":2019,"column":31},"end":{"line":2019,"column":32}},"694":{"start":{"line":2021,"column":12},"end":{"line":2059,"column":null}},"695":{"start":{"line":2022,"column":14},"end":{"line":2058,"column":null}},"696":{"start":{"line":2023,"column":16},"end":{"line":2026,"column":null}},"697":{"start":{"line":2027,"column":16},"end":{"line":2027,"column":22}},"698":{"start":{"line":2029,"column":16},"end":{"line":2029,"column":null}},"699":{"start":{"line":2030,"column":16},"end":{"line":2033,"column":null}},"700":{"start":{"line":2035,"column":16},"end":{"line":2057,"column":null}},"701":{"start":{"line":2040,"column":18},"end":{"line":2051,"column":null}},"702":{"start":{"line":2054,"column":18},"end":{"line":2056,"column":null}},"703":{"start":{"line":2055,"column":20},"end":{"line":2055,"column":null}},"704":{"start":{"line":2061,"column":31},"end":{"line":2061,"column":49}},"705":{"start":{"line":2062,"column":33},"end":{"line":2062,"column":79}},"706":{"start":{"line":2064,"column":12},"end":{"line":2098,"column":null}},"707":{"start":{"line":2065,"column":14},"end":{"line":2069,"column":null}},"708":{"start":{"line":2072,"column":14},"end":{"line":2093,"column":null}},"709":{"start":{"line":2073,"column":38},"end":{"line":2073,"column":50}},"710":{"start":{"line":2075,"column":16},"end":{"line":2092,"column":null}},"711":{"start":{"line":2077,"column":46},"end":{"line":2079,"column":19}},"712":{"start":{"line":2078,"column":30},"end":{"line":2078,"column":null}},"713":{"start":{"line":2080,"column":45},"end":{"line":2080,"column":67}},"714":{"start":{"line":2082,"column":40},"end":{"line":2082,"column":73}},"715":{"start":{"line":2091,"column":18},"end":{"line":2091,"column":null}},"716":{"start":{"line":2095,"column":14},"end":{"line":2097,"column":null}},"717":{"start":{"line":2100,"column":12},"end":{"line":2103,"column":null}},"718":{"start":{"line":2107,"column":8},"end":{"line":2110,"column":null}},"719":{"start":{"line":2113,"column":23},"end":{"line":2116,"column":7}},"720":{"start":{"line":2119,"column":22},"end":{"line":2119,"column":46}},"721":{"start":{"line":2120,"column":6},"end":{"line":2120,"column":null}},"722":{"start":{"line":2121,"column":6},"end":{"line":2121,"column":null}},"723":{"start":{"line":2123,"column":6},"end":{"line":2123,"column":null}},"724":{"start":{"line":2127,"column":24},"end":{"line":2132,"column":10}},"725":{"start":{"line":2128,"column":18},"end":{"line":2128,"column":39}},"726":{"start":{"line":2129,"column":6},"end":{"line":2129,"column":null}},"727":{"start":{"line":2129,"column":21},"end":{"line":2129,"column":null}},"728":{"start":{"line":2130,"column":6},"end":{"line":2130,"column":null}},"729":{"start":{"line":2131,"column":6},"end":{"line":2131,"column":null}},"730":{"start":{"line":2134,"column":20},"end":{"line":2134,"column":59}},"731":{"start":{"line":2134,"column":48},"end":{"line":2134,"column":56}},"732":{"start":{"line":2135,"column":30},"end":{"line":2135,"column":32}},"733":{"start":{"line":2139,"column":4},"end":{"line":2686,"column":null}},"734":{"start":{"line":2140,"column":20},"end":{"line":2140,"column":39}},"735":{"start":{"line":2141,"column":22},"end":{"line":2141,"column":39}},"736":{"start":{"line":2144,"column":25},"end":{"line":2144,"column":29}},"737":{"start":{"line":2147,"column":6},"end":{"line":2197,"column":null}},"738":{"start":{"line":2148,"column":8},"end":{"line":2150,"column":null}},"739":{"start":{"line":2151,"column":8},"end":{"line":2153,"column":null}},"740":{"start":{"line":2155,"column":8},"end":{"line":2196,"column":null}},"741":{"start":{"line":2157,"column":10},"end":{"line":2182,"column":null}},"742":{"start":{"line":2162,"column":30},"end":{"line":2164,"column":13}},"743":{"start":{"line":2166,"column":12},"end":{"line":2175,"column":null}},"744":{"start":{"line":2179,"column":12},"end":{"line":2181,"column":null}},"745":{"start":{"line":2191,"column":10},"end":{"line":2194,"column":null}},"746":{"start":{"line":2195,"column":10},"end":{"line":2195,"column":null}},"747":{"start":{"line":2200,"column":23},"end":{"line":2200,"column":41}},"748":{"start":{"line":2201,"column":6},"end":{"line":2210,"column":null}},"749":{"start":{"line":2202,"column":8},"end":{"line":2209,"column":null}},"750":{"start":{"line":2203,"column":10},"end":{"line":2203,"column":null}},"751":{"start":{"line":2205,"column":10},"end":{"line":2207,"column":null}},"752":{"start":{"line":2208,"column":10},"end":{"line":2208,"column":null}},"753":{"start":{"line":2212,"column":27},"end":{"line":2212,"column":73}},"754":{"start":{"line":2214,"column":6},"end":{"line":2219,"column":null}},"755":{"start":{"line":2215,"column":8},"end":{"line":2217,"column":null}},"756":{"start":{"line":2218,"column":8},"end":{"line":2218,"column":null}},"757":{"start":{"line":2222,"column":27},"end":{"line":2222,"column":36}},"758":{"start":{"line":2223,"column":6},"end":{"line":2225,"column":null}},"759":{"start":{"line":2224,"column":8},"end":{"line":2224,"column":null}},"760":{"start":{"line":2224,"column":28},"end":{"line":2224,"column":null}},"761":{"start":{"line":2231,"column":25},"end":{"line":2231,"column":27}},"762":{"start":{"line":2232,"column":26},"end":{"line":2232,"column":35}},"763":{"start":{"line":2236,"column":6},"end":{"line":2480,"column":null}},"764":{"start":{"line":2237,"column":8},"end":{"line":2479,"column":null}},"765":{"start":{"line":2241,"column":27},"end":{"line":2244,"column":12}},"766":{"start":{"line":2246,"column":10},"end":{"line":2252,"column":null}},"767":{"start":{"line":2247,"column":29},"end":{"line":2247,"column":53}},"768":{"start":{"line":2248,"column":12},"end":{"line":2250,"column":null}},"769":{"start":{"line":2251,"column":12},"end":{"line":2251,"column":null}},"770":{"start":{"line":2255,"column":10},"end":{"line":2255,"column":null}},"771":{"start":{"line":2260,"column":23},"end":{"line":2260,"column":58}},"772":{"start":{"line":2261,"column":10},"end":{"line":2266,"column":null}},"773":{"start":{"line":2262,"column":12},"end":{"line":2264,"column":null}},"774":{"start":{"line":2265,"column":12},"end":{"line":2265,"column":null}},"775":{"start":{"line":2268,"column":29},"end":{"line":2268,"column":71}},"776":{"start":{"line":2269,"column":33},"end":{"line":2269,"column":61}},"777":{"start":{"line":2273,"column":10},"end":{"line":2278,"column":null}},"778":{"start":{"line":2274,"column":12},"end":{"line":2276,"column":null}},"779":{"start":{"line":2277,"column":12},"end":{"line":2277,"column":null}},"780":{"start":{"line":2280,"column":27},"end":{"line":2280,"column":29}},"781":{"start":{"line":2281,"column":24},"end":{"line":2281,"column":26}},"782":{"start":{"line":2282,"column":20},"end":{"line":2282,"column":25}},"783":{"start":{"line":2283,"column":10},"end":{"line":2332,"column":null}},"784":{"start":{"line":2288,"column":12},"end":{"line":2288,"column":null}},"785":{"start":{"line":2289,"column":12},"end":{"line":2289,"column":null}},"786":{"start":{"line":2291,"column":12},"end":{"line":2291,"column":null}},"787":{"start":{"line":2293,"column":12},"end":{"line":2293,"column":null}},"788":{"start":{"line":2295,"column":12},"end":{"line":2295,"column":null}},"789":{"start":{"line":2296,"column":12},"end":{"line":2296,"column":null}},"790":{"start":{"line":2297,"column":12},"end":{"line":2297,"column":null}},"791":{"start":{"line":2298,"column":17},"end":{"line":2332,"column":null}},"792":{"start":{"line":2302,"column":12},"end":{"line":2302,"column":null}},"793":{"start":{"line":2303,"column":12},"end":{"line":2303,"column":null}},"794":{"start":{"line":2305,"column":12},"end":{"line":2305,"column":null}},"795":{"start":{"line":2306,"column":12},"end":{"line":2306,"column":null}},"796":{"start":{"line":2307,"column":12},"end":{"line":2307,"column":null}},"797":{"start":{"line":2308,"column":12},"end":{"line":2308,"column":null}},"798":{"start":{"line":2309,"column":12},"end":{"line":2309,"column":null}},"799":{"start":{"line":2311,"column":30},"end":{"line":2315,"column":20}},"800":{"start":{"line":2316,"column":12},"end":{"line":2321,"column":null}},"801":{"start":{"line":2323,"column":12},"end":{"line":2323,"column":null}},"802":{"start":{"line":2324,"column":12},"end":{"line":2327,"column":null}},"803":{"start":{"line":2329,"column":12},"end":{"line":2329,"column":null}},"804":{"start":{"line":2330,"column":12},"end":{"line":2330,"column":null}},"805":{"start":{"line":2331,"column":12},"end":{"line":2331,"column":null}},"806":{"start":{"line":2335,"column":26},"end":{"line":2335,"column":27}},"807":{"start":{"line":2336,"column":34},"end":{"line":2336,"column":35}},"808":{"start":{"line":2337,"column":36},"end":{"line":2337,"column":37}},"809":{"start":{"line":2338,"column":37},"end":{"line":2338,"column":38}},"810":{"start":{"line":2340,"column":10},"end":{"line":2422,"column":null}},"811":{"start":{"line":2341,"column":12},"end":{"line":2381,"column":null}},"812":{"start":{"line":2345,"column":14},"end":{"line":2360,"column":null}},"813":{"start":{"line":2347,"column":16},"end":{"line":2347,"column":50}},"814":{"start":{"line":2348,"column":16},"end":{"line":2348,"column":40}},"815":{"start":{"line":2349,"column":16},"end":{"line":2349,"column":53}},"816":{"start":{"line":2350,"column":16},"end":{"line":2350,"column":59}},"817":{"start":{"line":2351,"column":16},"end":{"line":2351,"column":31}},"818":{"start":{"line":2354,"column":16},"end":{"line":2354,"column":null}},"819":{"start":{"line":2355,"column":16},"end":{"line":2355,"column":null}},"820":{"start":{"line":2356,"column":16},"end":{"line":2356,"column":null}},"821":{"start":{"line":2357,"column":16},"end":{"line":2357,"column":null}},"822":{"start":{"line":2358,"column":16},"end":{"line":2358,"column":null}},"823":{"start":{"line":2359,"column":16},"end":{"line":2359,"column":31}},"824":{"start":{"line":2361,"column":14},"end":{"line":2361,"column":null}},"825":{"start":{"line":2362,"column":14},"end":{"line":2362,"column":null}},"826":{"start":{"line":2372,"column":16},"end":{"line":2372,"column":null}},"827":{"start":{"line":2373,"column":16},"end":{"line":2373,"column":null}},"828":{"start":{"line":2374,"column":16},"end":{"line":2374,"column":null}},"829":{"start":{"line":2375,"column":16},"end":{"line":2375,"column":null}},"830":{"start":{"line":2376,"column":16},"end":{"line":2376,"column":53}},"831":{"start":{"line":2379,"column":14},"end":{"line":2379,"column":null}},"832":{"start":{"line":2380,"column":14},"end":{"line":2380,"column":null}},"833":{"start":{"line":2384,"column":12},"end":{"line":2421,"column":null}},"834":{"start":{"line":2385,"column":14},"end":{"line":2385,"column":null}},"835":{"start":{"line":2386,"column":14},"end":{"line":2386,"column":null}},"836":{"start":{"line":2387,"column":14},"end":{"line":2387,"column":null}},"837":{"start":{"line":2388,"column":14},"end":{"line":2388,"column":null}},"838":{"start":{"line":2389,"column":14},"end":{"line":2389,"column":null}},"839":{"start":{"line":2390,"column":14},"end":{"line":2390,"column":null}},"840":{"start":{"line":2391,"column":14},"end":{"line":2391,"column":null}},"841":{"start":{"line":2396,"column":14},"end":{"line":2416,"column":null}},"842":{"start":{"line":2399,"column":16},"end":{"line":2399,"column":50}},"843":{"start":{"line":2400,"column":16},"end":{"line":2400,"column":52}},"844":{"start":{"line":2401,"column":16},"end":{"line":2401,"column":53}},"845":{"start":{"line":2402,"column":16},"end":{"line":2402,"column":null}},"846":{"start":{"line":2403,"column":16},"end":{"line":2403,"column":null}},"847":{"start":{"line":2407,"column":37},"end":{"line":2407,"column":46}},"848":{"start":{"line":2408,"column":37},"end":{"line":2408,"column":50}},"849":{"start":{"line":2409,"column":36},"end":{"line":2409,"column":63}},"850":{"start":{"line":2411,"column":16},"end":{"line":2411,"column":null}},"851":{"start":{"line":2412,"column":16},"end":{"line":2412,"column":null}},"852":{"start":{"line":2413,"column":16},"end":{"line":2413,"column":null}},"853":{"start":{"line":2414,"column":16},"end":{"line":2414,"column":null}},"854":{"start":{"line":2415,"column":16},"end":{"line":2415,"column":null}},"855":{"start":{"line":2418,"column":14},"end":{"line":2418,"column":null}},"856":{"start":{"line":2419,"column":14},"end":{"line":2419,"column":null}},"857":{"start":{"line":2420,"column":14},"end":{"line":2420,"column":null}},"858":{"start":{"line":2424,"column":35},"end":{"line":2441,"column":11}},"859":{"start":{"line":2443,"column":10},"end":{"line":2446,"column":null}},"860":{"start":{"line":2449,"column":10},"end":{"line":2454,"column":null}},"861":{"start":{"line":2450,"column":12},"end":{"line":2452,"column":null}},"862":{"start":{"line":2453,"column":12},"end":{"line":2453,"column":null}},"863":{"start":{"line":2457,"column":25},"end":{"line":2457,"column":44}},"864":{"start":{"line":2458,"column":10},"end":{"line":2465,"column":null}},"865":{"start":{"line":2459,"column":12},"end":{"line":2464,"column":null}},"866":{"start":{"line":2467,"column":29},"end":{"line":2467,"column":52}},"867":{"start":{"line":2468,"column":10},"end":{"line":2468,"column":null}},"868":{"start":{"line":2469,"column":10},"end":{"line":2469,"column":null}},"869":{"start":{"line":2470,"column":10},"end":{"line":2470,"column":null}},"870":{"start":{"line":2472,"column":10},"end":{"line":2472,"column":null}},"871":{"start":{"line":2473,"column":10},"end":{"line":2473,"column":null}},"872":{"start":{"line":2475,"column":10},"end":{"line":2478,"column":null}},"873":{"start":{"line":2483,"column":6},"end":{"line":2509,"column":null}},"874":{"start":{"line":2484,"column":8},"end":{"line":2508,"column":null}},"875":{"start":{"line":2485,"column":71},"end":{"line":2485,"column":77}},"876":{"start":{"line":2487,"column":10},"end":{"line":2489,"column":null}},"877":{"start":{"line":2490,"column":10},"end":{"line":2496,"column":null}},"878":{"start":{"line":2499,"column":28},"end":{"line":2499,"column":59}},"879":{"start":{"line":2500,"column":9},"end":{"line":2500,"column":null}},"880":{"start":{"line":2501,"column":9},"end":{"line":2501,"column":null}},"881":{"start":{"line":2502,"column":9},"end":{"line":2502,"column":null}},"882":{"start":{"line":2504,"column":10},"end":{"line":2507,"column":null}},"883":{"start":{"line":2512,"column":6},"end":{"line":2636,"column":null}},"884":{"start":{"line":2513,"column":8},"end":{"line":2635,"column":null}},"885":{"start":{"line":2514,"column":10},"end":{"line":2514,"column":null}},"886":{"start":{"line":2514,"column":52},"end":{"line":2514,"column":62}},"887":{"start":{"line":2515,"column":10},"end":{"line":2517,"column":null}},"888":{"start":{"line":2521,"column":39},"end":{"line":2521,"column":40}},"889":{"start":{"line":2523,"column":10},"end":{"line":2625,"column":null}},"890":{"start":{"line":2524,"column":12},"end":{"line":2624,"column":null}},"891":{"start":{"line":2526,"column":40},"end":{"line":2529,"column":16}},"892":{"start":{"line":2532,"column":14},"end":{"line":2618,"column":null}},"893":{"start":{"line":2533,"column":36},"end":{"line":2533,"column":73}},"894":{"start":{"line":2537,"column":16},"end":{"line":2560,"column":null}},"895":{"start":{"line":2542,"column":18},"end":{"line":2542,"column":null}},"896":{"start":{"line":2543,"column":18},"end":{"line":2546,"column":null}},"897":{"start":{"line":2547,"column":23},"end":{"line":2560,"column":null}},"898":{"start":{"line":2551,"column":18},"end":{"line":2551,"column":null}},"899":{"start":{"line":2552,"column":18},"end":{"line":2553,"column":null}},"900":{"start":{"line":2555,"column":18},"end":{"line":2555,"column":null}},"901":{"start":{"line":2556,"column":18},"end":{"line":2559,"column":null}},"902":{"start":{"line":2566,"column":16},"end":{"line":2595,"column":null}},"903":{"start":{"line":2567,"column":18},"end":{"line":2579,"column":null}},"904":{"start":{"line":2569,"column":20},"end":{"line":2569,"column":null}},"905":{"start":{"line":2570,"column":20},"end":{"line":2572,"column":null}},"906":{"start":{"line":2573,"column":20},"end":{"line":2573,"column":null}},"907":{"start":{"line":2576,"column":20},"end":{"line":2576,"column":null}},"908":{"start":{"line":2577,"column":20},"end":{"line":2577,"column":null}},"909":{"start":{"line":2578,"column":20},"end":{"line":2578,"column":null}},"910":{"start":{"line":2582,"column":18},"end":{"line":2594,"column":null}},"911":{"start":{"line":2584,"column":20},"end":{"line":2584,"column":null}},"912":{"start":{"line":2585,"column":20},"end":{"line":2585,"column":null}},"913":{"start":{"line":2586,"column":20},"end":{"line":2586,"column":null}},"914":{"start":{"line":2589,"column":20},"end":{"line":2589,"column":null}},"915":{"start":{"line":2590,"column":20},"end":{"line":2592,"column":null}},"916":{"start":{"line":2593,"column":20},"end":{"line":2593,"column":null}},"917":{"start":{"line":2597,"column":16},"end":{"line":2611,"column":null}},"918":{"start":{"line":2613,"column":16},"end":{"line":2613,"column":null}},"919":{"start":{"line":2615,"column":16},"end":{"line":2617,"column":null}},"920":{"start":{"line":2620,"column":14},"end":{"line":2623,"column":null}},"921":{"start":{"line":2627,"column":10},"end":{"line":2629,"column":null}},"922":{"start":{"line":2631,"column":10},"end":{"line":2634,"column":null}},"923":{"start":{"line":2639,"column":34},"end":{"line":2641,"column":7}},"924":{"start":{"line":2640,"column":36},"end":{"line":2640,"column":55}},"925":{"start":{"line":2642,"column":6},"end":{"line":2644,"column":null}},"926":{"start":{"line":2646,"column":6},"end":{"line":2685,"column":null}},"927":{"start":{"line":2647,"column":8},"end":{"line":2684,"column":null}},"928":{"start":{"line":2648,"column":37},"end":{"line":2651,"column":12}},"929":{"start":{"line":2652,"column":10},"end":{"line":2654,"column":null}},"930":{"start":{"line":2656,"column":29},"end":{"line":2656,"column":70}},"931":{"start":{"line":2659,"column":28},"end":{"line":2670,"column":11}},"932":{"start":{"line":2672,"column":10},"end":{"line":2678,"column":null}},"933":{"start":{"line":2673,"column":12},"end":{"line":2673,"column":null}},"934":{"start":{"line":2674,"column":12},"end":{"line":2674,"column":null}},"935":{"start":{"line":2675,"column":12},"end":{"line":2677,"column":null}},"936":{"start":{"line":2680,"column":10},"end":{"line":2683,"column":null}},"937":{"start":{"line":2689,"column":4},"end":{"line":2691,"column":null}},"938":{"start":{"line":2693,"column":26},"end":{"line":2709,"column":6}},"939":{"start":{"line":2694,"column":6},"end":{"line":2708,"column":null}},"940":{"start":{"line":2695,"column":21},"end":{"line":2695,"column":52}},"941":{"start":{"line":2696,"column":8},"end":{"line":2702,"column":null}},"942":{"start":{"line":2697,"column":10},"end":{"line":2701,"column":null}},"943":{"start":{"line":2704,"column":8},"end":{"line":2707,"column":null}},"944":{"start":{"line":2711,"column":4},"end":{"line":2711,"column":null}},"945":{"start":{"line":2712,"column":4},"end":{"line":2712,"column":null}},"946":{"start":{"line":2713,"column":4},"end":{"line":2715,"column":null}},"947":{"start":{"line":2718,"column":4},"end":{"line":2728,"column":null}},"948":{"start":{"line":2719,"column":6},"end":{"line":2719,"column":null}},"949":{"start":{"line":2720,"column":6},"end":{"line":2720,"column":null}},"950":{"start":{"line":2721,"column":6},"end":{"line":2721,"column":null}},"951":{"start":{"line":2724,"column":6},"end":{"line":2727,"column":null}},"952":{"start":{"line":2732,"column":4},"end":{"line":2769,"column":null}},"953":{"start":{"line":2733,"column":6},"end":{"line":2768,"column":null}},"954":{"start":{"line":2735,"column":29},"end":{"line":2737,"column":9}},"955":{"start":{"line":2739,"column":27},"end":{"line":2739,"column":45}},"956":{"start":{"line":2740,"column":29},"end":{"line":2740,"column":75}},"957":{"start":{"line":2742,"column":8},"end":{"line":2762,"column":null}},"958":{"start":{"line":2743,"column":10},"end":{"line":2745,"column":null}},"959":{"start":{"line":2749,"column":32},"end":{"line":2751,"column":11}},"960":{"start":{"line":2750,"column":22},"end":{"line":2750,"column":null}},"961":{"start":{"line":2752,"column":31},"end":{"line":2752,"column":47}},"962":{"start":{"line":2753,"column":32},"end":{"line":2753,"column":59}},"963":{"start":{"line":2755,"column":10},"end":{"line":2757,"column":null}},"964":{"start":{"line":2759,"column":10},"end":{"line":2761,"column":null}},"965":{"start":{"line":2764,"column":8},"end":{"line":2767,"column":null}},"966":{"start":{"line":2772,"column":21},"end":{"line":2775,"column":5}},"967":{"start":{"line":2778,"column":20},"end":{"line":2778,"column":44}},"968":{"start":{"line":2779,"column":4},"end":{"line":2779,"column":null}},"969":{"start":{"line":2780,"column":4},"end":{"line":2782,"column":null}},"970":{"start":{"line":2784,"column":4},"end":{"line":2784,"column":null}},"971":{"start":{"line":2786,"column":22},"end":{"line":2786,"column":46}},"972":{"start":{"line":2787,"column":4},"end":{"line":2787,"column":null}},"973":{"start":{"line":2790,"column":4},"end":{"line":2790,"column":null}},"974":{"start":{"line":2791,"column":4},"end":{"line":2791,"column":null}},"975":{"start":{"line":2793,"column":26},"end":{"line":2796,"column":5}},"976":{"start":{"line":2797,"column":4},"end":{"line":2797,"column":null}},"977":{"start":{"line":2801,"column":36},"end":{"line":3110,"column":1}},"978":{"start":{"line":2802,"column":2},"end":{"line":3109,"column":null}},"979":{"start":{"line":2803,"column":21},"end":{"line":2809,"column":5}},"980":{"start":{"line":2811,"column":29},"end":{"line":2811,"column":30}},"981":{"start":{"line":2812,"column":30},"end":{"line":2812,"column":32}},"982":{"start":{"line":2814,"column":4},"end":{"line":3086,"column":null}},"983":{"start":{"line":2816,"column":19},"end":{"line":2820,"column":8}},"984":{"start":{"line":2821,"column":6},"end":{"line":2821,"column":null}},"985":{"start":{"line":2823,"column":6},"end":{"line":2826,"column":null}},"986":{"start":{"line":2824,"column":8},"end":{"line":2824,"column":null}},"987":{"start":{"line":2825,"column":8},"end":{"line":2825,"column":null}},"988":{"start":{"line":2829,"column":26},"end":{"line":2833,"column":12}},"989":{"start":{"line":2830,"column":8},"end":{"line":2830,"column":null}},"990":{"start":{"line":2830,"column":30},"end":{"line":2830,"column":null}},"991":{"start":{"line":2831,"column":8},"end":{"line":2831,"column":null}},"992":{"start":{"line":2832,"column":8},"end":{"line":2832,"column":null}},"993":{"start":{"line":2835,"column":6},"end":{"line":3036,"column":null}},"994":{"start":{"line":2836,"column":8},"end":{"line":3035,"column":null}},"995":{"start":{"line":2837,"column":10},"end":{"line":3029,"column":null}},"996":{"start":{"line":2838,"column":24},"end":{"line":2838,"column":31}},"997":{"start":{"line":2843,"column":12},"end":{"line":2870,"column":null}},"998":{"start":{"line":2844,"column":14},"end":{"line":2848,"column":null}},"999":{"start":{"line":2849,"column":14},"end":{"line":2851,"column":null}},"1000":{"start":{"line":2853,"column":14},"end":{"line":2869,"column":null}},"1001":{"start":{"line":2872,"column":31},"end":{"line":2872,"column":44}},"1002":{"start":{"line":2875,"column":12},"end":{"line":2878,"column":null}},"1003":{"start":{"line":2880,"column":12},"end":{"line":2882,"column":null}},"1004":{"start":{"line":2881,"column":14},"end":{"line":2881,"column":null}},"1005":{"start":{"line":2884,"column":26},"end":{"line":2884,"column":49}},"1006":{"start":{"line":2887,"column":27},"end":{"line":2887,"column":77}},"1007":{"start":{"line":2889,"column":25},"end":{"line":2889,"column":60}},"1008":{"start":{"line":2891,"column":12},"end":{"line":2894,"column":null}},"1009":{"start":{"line":2892,"column":14},"end":{"line":2892,"column":null}},"1010":{"start":{"line":2893,"column":14},"end":{"line":2893,"column":null}},"1011":{"start":{"line":2898,"column":12},"end":{"line":2907,"column":null}},"1012":{"start":{"line":2899,"column":14},"end":{"line":2900,"column":null}},"1013":{"start":{"line":2902,"column":14},"end":{"line":2906,"column":null}},"1014":{"start":{"line":2909,"column":12},"end":{"line":2915,"column":null}},"1015":{"start":{"line":2910,"column":14},"end":{"line":2913,"column":null}},"1016":{"start":{"line":2914,"column":14},"end":{"line":2914,"column":null}},"1017":{"start":{"line":2919,"column":31},"end":{"line":2923,"column":13}},"1018":{"start":{"line":2924,"column":12},"end":{"line":2929,"column":null}},"1019":{"start":{"line":2925,"column":14},"end":{"line":2927,"column":null}},"1020":{"start":{"line":2928,"column":14},"end":{"line":2928,"column":null}},"1021":{"start":{"line":2930,"column":12},"end":{"line":2930,"column":null}},"1022":{"start":{"line":2934,"column":38},"end":{"line":2937,"column":14}},"1023":{"start":{"line":2939,"column":36},"end":{"line":2939,"column":37}},"1024":{"start":{"line":2940,"column":12},"end":{"line":3004,"column":null}},"1025":{"start":{"line":2942,"column":14},"end":{"line":3003,"column":null}},"1026":{"start":{"line":2943,"column":16},"end":{"line":2955,"column":null}},"1027":{"start":{"line":2956,"column":16},"end":{"line":2956,"column":null}},"1028":{"start":{"line":2959,"column":36},"end":{"line":2959,"column":68}},"1029":{"start":{"line":2960,"column":35},"end":{"line":2960,"column":78}},"1030":{"start":{"line":2964,"column":18},"end":{"line":2966,"column":46}},"1031":{"start":{"line":2972,"column":16},"end":{"line":2982,"column":null}},"1032":{"start":{"line":2974,"column":18},"end":{"line":2974,"column":null}},"1033":{"start":{"line":2975,"column":18},"end":{"line":2975,"column":null}},"1034":{"start":{"line":2976,"column":18},"end":{"line":2976,"column":null}},"1035":{"start":{"line":2979,"column":18},"end":{"line":2979,"column":null}},"1036":{"start":{"line":2980,"column":18},"end":{"line":2980,"column":null}},"1037":{"start":{"line":2981,"column":18},"end":{"line":2981,"column":null}},"1038":{"start":{"line":2984,"column":16},"end":{"line":2984,"column":null}},"1039":{"start":{"line":2986,"column":16},"end":{"line":2998,"column":null}},"1040":{"start":{"line":3000,"column":16},"end":{"line":3002,"column":null}},"1041":{"start":{"line":3008,"column":12},"end":{"line":3022,"column":null}},"1042":{"start":{"line":3010,"column":16},"end":{"line":3012,"column":65}},"1043":{"start":{"line":3013,"column":14},"end":{"line":3015,"column":null}},"1044":{"start":{"line":3016,"column":14},"end":{"line":3021,"column":null}},"1045":{"start":{"line":3024,"column":12},"end":{"line":3024,"column":null}},"1046":{"start":{"line":3026,"column":12},"end":{"line":3028,"column":null}},"1047":{"start":{"line":3031,"column":10},"end":{"line":3034,"column":null}},"1048":{"start":{"line":3039,"column":34},"end":{"line":3041,"column":7}},"1049":{"start":{"line":3040,"column":35},"end":{"line":3040,"column":54}},"1050":{"start":{"line":3042,"column":6},"end":{"line":3044,"column":null}},"1051":{"start":{"line":3046,"column":6},"end":{"line":3085,"column":null}},"1052":{"start":{"line":3047,"column":8},"end":{"line":3084,"column":null}},"1053":{"start":{"line":3048,"column":37},"end":{"line":3051,"column":12}},"1054":{"start":{"line":3054,"column":12},"end":{"line":3054,"column":75}},"1055":{"start":{"line":3057,"column":28},"end":{"line":3068,"column":11}},"1056":{"start":{"line":3070,"column":10},"end":{"line":3078,"column":null}},"1057":{"start":{"line":3071,"column":11},"end":{"line":3071,"column":null}},"1058":{"start":{"line":3072,"column":11},"end":{"line":3072,"column":null}},"1059":{"start":{"line":3073,"column":11},"end":{"line":3073,"column":null}},"1060":{"start":{"line":3075,"column":12},"end":{"line":3077,"column":null}},"1061":{"start":{"line":3080,"column":10},"end":{"line":3083,"column":null}},"1062":{"start":{"line":3089,"column":4},"end":{"line":3092,"column":null}},"1063":{"start":{"line":3091,"column":6},"end":{"line":3091,"column":null}},"1064":{"start":{"line":3095,"column":4},"end":{"line":3102,"column":null}},"1065":{"start":{"line":3096,"column":6},"end":{"line":3099,"column":null}},"1066":{"start":{"line":3101,"column":6},"end":{"line":3101,"column":null}},"1067":{"start":{"line":3104,"column":4},"end":{"line":3104,"column":null}},"1068":{"start":{"line":3105,"column":4},"end":{"line":3107,"column":null}},"1069":{"start":{"line":3106,"column":6},"end":{"line":3106,"column":null}},"1070":{"start":{"line":3108,"column":4},"end":{"line":3108,"column":null}},"1071":{"start":{"line":3111,"column":41},"end":{"line":3406,"column":1}},"1072":{"start":{"line":3113,"column":27},"end":{"line":3113,"column":36}},"1073":{
[...]
61:14:3199:Infinity:3180:21:3199:Infinity":321,"s:3161:14:3199:Infinity":1097,"s:3162:28:3162:35":1098,"s:3163:16:3179:Infinity":1099,"s:3183:16:3198:Infinity":1100,"s:3202:31:3202:45":1101,"s:3203:12:3206:Infinity":1102,"b:3208:12:3210:Infinity:undefined:undefined:undefined:undefined":322,"s:3208:12:3210:Infinity":1103,"s:3209:14:3209:Infinity":1104,"b:3214:12:3220:Infinity:3217:19:3220:Infinity":323,"s:3214:12:3220:Infinity":1105,"s:3216:14:3216:Infinity":1106,"s:3219:14:3219:Infinity":1107,"s:3221:12:3224:Infinity":1108,"b:3227:12:3229:Infinity:undefined:undefined:undefined:undefined":324,"s:3227:12:3229:Infinity":1109,"s:3228:14:3228:Infinity":1110,"s:3230:28:3230:48":1111,"s:3231:28:3231:29":1112,"s:3234:14:3236:60":1113,"b:3234:14:3234:20:3235:14:3235:21:3236:14:3236:60":325,"b:3239:12:3369:Infinity:3279:19:3369:Infinity":326,"s:3239:12:3369:Infinity":1114,"b:3240:14:3240:43:3241:14:3241:Infinity":327,"b:3243:14:3278:Infinity:3260:21:3278:Infinity":328,"s:3243:14:3278:Infinity":1115,"b:3244:16:3259:Infinity:3252:23:3259:Infinity":329,"s:3244:16:3259:Infinity":1116,"s:3245:18:3245:Infinity":1117,"s:3246:18:3246:Infinity":1118,"s:3247:18:3247:Infinity":1119,"s:3248:18:3248:Infinity":1120,"s:3249:18:3249:Infinity":1121,"s:3250:18:3250:Infinity":1122,"s:3251:18:3251:Infinity":1123,"s:3253:18:3253:Infinity":1124,"s:3254:18:3254:Infinity":1125,"s:3255:18:3255:Infinity":1126,"s:3256:18:3256:Infinity":1127,"s:3257:18:3257:Infinity":1128,"s:3258:18:3258:Infinity":1129,"b:3262:16:3277:Infinity:3269:23:3277:Infinity":330,"s:3262:16:3277:Infinity":1130,"s:3263:18:3263:Infinity":1131,"s:3264:18:3264:Infinity":1132,"s:3265:18:3265:Infinity":1133,"s:3266:18:3266:Infinity":1134,"s:3267:18:3267:Infinity":1135,"s:3268:18:3268:Infinity":1136,"s:3270:18:3270:Infinity":1137,"s:3271:18:3271:Infinity":1138,"s:3272:18:3272:Infinity":1139,"s:3273:18:3273:Infinity":1140,"s:3274:18:3274:Infinity":1141,"s:3275:18:3275:Infinity":1142,"s:3276:18:3276:Infinity":1143,"b:3279:19:3369:Infinity:3312:19:3369:Infinity":331,"s:3279:19:3369:Infinity":1144,"b:3281:14:3308:Infinity:3294:21:3308:Infinity":332,"s:3281:14:3308:Infinity":1145,"b:3282:16:3293:Infinity:3288:23:3293:Infinity":333,"s:3282:16:3293:Infinity":1146,"s:3284:18:3284:Infinity":1147,"s:3285:18:3285:Infinity":1148,"s:3286:18:3286:Infinity":1149,"s:3287:18:3287:Infinity":1150,"s:3290:18:3290:Infinity":1151,"s:3291:18:3291:Infinity":1152,"s:3292:18:3292:Infinity":1153,"b:3294:21:3308:Infinity:undefined:undefined:undefined:undefined":334,"s:3294:21:3308:Infinity":1154,"b:3296:16:3307:Infinity:3301:23:3307:Infinity":335,"s:3296:16:3307:Infinity":1155,"s:3298:18:3298:Infinity":1156,"s:3299:18:3299:Infinity":1157,"s:3300:18:3300:33":1158,"s:3303:18:3303:Infinity":1159,"s:3304:18:3304:Infinity":1160,"s:3305:18:3305:Infinity":1161,"s:3306:18:3306:33":1162,"s:3309:14:3309:Infinity":1163,"s:3310:14:3310:Infinity":1164,"s:3311:14:3311:Infinity":1165,"b:3312:19:3369:Infinity:3352:19:3369:Infinity":336,"s:3312:19:3369:Infinity":1166,"b:3313:14:3313:38:3314:14:3314:Infinity":337,"b:3316:14:3351:Infinity:3333:21:3351:Infinity":338,"s:3316:14:3351:Infinity":1167,"b:3317:16:3332:Infinity:3325:23:3332:Infinity":339,"s:3317:16:3332:Infinity":1168,"s:3318:18:3318:Infinity":1169,"s:3319:18:3319:Infinity":1170,"s:3320:18:3320:Infinity":1171,"s:3321:18:3321:Infinity":1172,"s:3322:18:3322:Infinity":1173,"s:3323:18:3323:Infinity":1174,"s:3324:18:3324:Infinity":1175,"s:3326:18:3326:Infinity":1176,"s:3327:18:3327:Infinity":1177,"s:3328:18:3328:Infinity":1178,"s:3329:18:3329:Infinity":1179,"s:3330:18:3330:Infinity":1180,"s:3331:18:3331:Infinity":1181,"b:3335:16:3350:Infinity:3342:23:3350:Infinity":340,"s:3335:16:3350:Infinity":1182,"s:3336:18:3336:Infinity":1183,"s:3337:18:3337:Infinity":1184,"s:3338:18:3338:Infinity":1185,"s:3339:18:3339:Infinity":1186,"s:3340:18:3340:Infinity":1187,"s:3341:18:3341:Infinity":1188,"s:3343:18:3343:Infinity":1189,"s:3344:18:3344:Infinity":1190,"s:3345:18:3345:Infinity":1191,"s:3346:18:3346:Infinity":1192,"s:3347:18:3347:Infinity":1193,"s:3348:18:3348:Infinity":1194,"s:3349:18:3349:Infinity":1195,"b:3352:19:3369:Infinity:undefined:undefined:undefined:undefined":341,"s:3352:19:3369:Infinity":1196,"b:3352:23:3352:42:3352:46:3352:71":342,"b:3353:14:3368:Infinity:3361:21:3368:Infinity":343,"s:3353:14:3368:Infinity":1197,"s:3354:16:3354:Infinity":1198,"s:3355:16:3355:Infinity":1199,"s:3356:16:3356:Infinity":1200,"s:3357:16:3357:Infinity":1201,"s:3358:16:3358:Infinity":1202,"s:3359:16:3359:Infinity":1203,"s:3360:16:3360:Infinity":1204,"s:3362:16:3362:Infinity":1205,"s:3363:16:3363:Infinity":1206,"s:3364:16:3364:Infinity":1207,"s:3365:16:3365:Infinity":1208,"s:3366:16:3366:Infinity":1209,"s:3367:16:3367:Infinity":1210,"s:3371:12:3371:Infinity":1211,"s:3372:12:3372:Infinity":1212,"s:3375:12:3375:Infinity":1213,"s:3377:11:3377:Infinity":1214,"s:3380:10:3383:Infinity":1215,"b:3389:4:3396:Infinity:3394:11:3396:Infinity":344,"s:3389:4:3396:Infinity":1216,"b:3389:8:3389:11:3389:15:3389:47":345,"s:3390:6:3393:Infinity":1217,"s:3395:6:3395:Infinity":1218,"s:3398:4:3398:Infinity":1219,"b:3400:4:3404:Infinity:3402:11:3404:Infinity":346,"s:3400:4:3404:Infinity":1220,"b:3400:8:3400:11:3400:15:3400:47":347,"s:3401:6:3401:Infinity":1221,"s:3403:6:3403:18":1222,"s:3407:37:3540:1":1223,"f:3407:37:3407:42":35,"s:3408:2:3539:Infinity":1224,"s:3409:21:3415:5":1225,"s:3417:29:3417:30":1226,"s:3419:4:3521:Infinity":1227,"s:3421:19:3425:8":1228,"b:3427:6:3430:Infinity:undefined:undefined:undefined:undefined":348,"s:3427:6:3430:Infinity":1229,"s:3429:8:3429:Infinity":1230,"s:3433:26:3437:12":1231,"f:3433:38:3433:39":36,"b:3434:8:3434:Infinity:undefined:undefined:undefined:undefined":349,"s:3434:8:3434:Infinity":1232,"s:3434:30:3434:Infinity":1233,"s:3435:8:3435:Infinity":1234,"s:3436:8:3436:Infinity":1235,"s:3439:6:3520:Infinity":1236,"s:3440:8:3519:Infinity":1237,"s:3441:10:3516:Infinity":1238,"s:3442:24:3442:31":1239,"s:3444:29:3460:13":1240,"s:3462:31:3462:44":1241,"b:3463:12:3465:Infinity:undefined:undefined:undefined:undefined":350,"s:3463:12:3465:Infinity":1242,"s:3464:14:3464:Infinity":1243,"s:3467:12:3467:Infinity":1244,"s:3469:31:3469:45":1245,"s:3470:26:3470:49":1246,"s:3472:24:3472:66":1247,"b:3472:24:3472:29:3472:33:3472:43:3472:47:3472:66":351,"s:3473:12:3473:Infinity":1248,"s:3475:28:3475:48":1249,"s:3476:28:3476:29":1250,"s:3480:25:3480:60":1251,"b:3482:12:3484:Infinity:undefined:undefined:undefined:undefined":352,"s:3482:12:3484:Infinity":1252,"s:3483:14:3483:Infinity":1253,"b:3486:12:3512:Infinity:3499:19:3512:Infinity":353,"s:3486:12:3512:Infinity":1254,"b:3487:14:3498:Infinity:3493:21:3498:Infinity":354,"s:3487:14:3498:Infinity":1255,"s:3488:16:3488:Infinity":1256,"s:3489:16:3489:Infinity":1257,"s:3490:16:3490:Infinity":1258,"s:3491:16:3491:Infinity":1259,"s:3492:16:3492:31":1260,"s:3494:16:3494:Infinity":1261,"s:3495:16:3495:Infinity":1262,"s:3496:16:3496:Infinity":1263,"s:3497:16:3497:31":1264,"b:3500:14:3511:Infinity:3505:21:3511:Infinity":355,"s:3500:14:3511:Infinity":1265,"s:3501:16:3501:Infinity":1266,"s:3502:16:3502:Infinity":1267,"s:3503:16:3503:Infinity":1268,"s:3504:16:3504:31":1269,"s:3506:16:3506:Infinity":1270,"s:3507:16:3507:Infinity":1271,"s:3508:16:3508:Infinity":1272,"s:3509:16:3509:Infinity":1273,"s:3510:16:3510:31":1274,"s:3513:12:3513:Infinity":1275,"s:3514:12:3514:Infinity":1276,"s:3515:12:3515:Infinity":1277,"s:3518:10:3518:Infinity":1278,"b:3524:4:3532:Infinity:3529:11:3532:Infinity":356,"s:3524:4:3532:Infinity":1279,"b:3524:8:3524:11:3524:15:3524:47":357,"s:3525:6:3528:Infinity":1280,"s:3531:6:3531:Infinity":1281,"s:3534:4:3534:Infinity":1282,"b:3535:4:3537:Infinity:undefined:undefined:undefined:undefined":358,"s:3535:4:3537:Infinity":1283,"b:3535:8:3535:11:3535:15:3535:47":359,"s:3536:6:3536:Infinity":1284,"s:3538:4:3538:16":1285,"s:3542:43:3692:1":1286,"f:3542:43:3542:48":37,"s:3543:27:3543:71":1287,"s:3544:24:3544:25":1288,"s:3546:2:3691:Infinity":1289,"s:3548:22:3548:64":1290,"s:3549:24:3552:6":1291,"b:3554:4:3556:Infinity:undefined:undefined:undefined:undefined":360,"s:3554:4:3556:Infinity":1292,"s:3555:6:3555:Infinity":1293,"s:3558:4:3678:Infinity":1294,"s:3559:6:3677:Infinity":1295,"s:3560:22:3560:40":1296,"s:3561:26:3561:54":1297,"b:3561:27:3561:40:3561:44:3561:46":361,"s:3564:32:3567:10":1298,"b:3569:8:3569:Infinity:undefined:undefined:undefined:undefined":362,"s:3569:8:3569:Infinity":1299,"s:3569:37:3569:Infinity":1300,"s:3571:8:3573:Infinity":1301,"s:3575:24:3575:63":1302,"s:3576:23:3576:39":1303,"s:3578:8:3671:Infinity":1304,"s:3579:10:3670:Infinity":1305,"b:3581:12:3599:Infinity:undefined:undefined:undefined:undefined":363,"s:3581:12:3599:Infinity":1306,"s:3582:29:3592:15":1307,"b:3587:43:3587:62:3587:66:3587:67":364,"b:3593:14:3597:Infinity:undefined:undefined:undefined:undefined":365,"s:3593:14:3597:Infinity":1308,"s:3594:16:3594:Infinity":1309,"s:3595:16:3595:Infinity":1310,"s:3596:15:3596:Infinity":1311,"s:3598:14:3598:Infinity":1312,"b:3604:12:3626:Infinity:3612:19:3626:Infinity":366,"s:3604:12:3626:Infinity":1313,"s:3606:34:3606:62":1314,"b:3606:45:3606:54:3606:58:3606:61":367,"s:3607:33:3607:76":1315,"b:3607:44:3607:68:3607:72:3607:75":368,"s:3608:14:3611:Infinity":1316,"b:3610:20:3610:Infinity:3611:20:3611:44":369,"s:3614:34:3614:71":1317,"b:3614:35:3614:57:3614:61:3614:63":370,"s:3616:16:3618:69":1318,"b:3616:16:3616:27:3617:16:3617:25:3618:16:3618:69":371,"b:3620:14:3625:Infinity:3622:21:3625:Infinity":372,"s:3620:14:3625:Infinity":1319,"s:3621:16:3621:Infinity":1320,"s:3624:16:3624:Infinity":1321,"b:3633:12:3641:Infinity:3637:19:3641:Infinity":373,"s:3633:12:3641:Infinity":1322,"s:3634:14:3634:32":1323,"s:3635:14:3635:Infinity":1324,"b:3635:45:3635:68:3635:72:3635:73":374,"s:3636:14:3636:Infinity":1325,"b:3636:40:3636:63:3636:67:3636:68":375,"s:3638:14:3638:32":1326,"s:3639:14:3639:Infinity":1327,"b:3639:45:3639:64:3639:68:3639:69":376,"s:3640:14:3640:Infinity":1328,"b:3640:42:3640:61:3640:65:3640:66":377,"s:3644:33:3654:13":1329,"b:3656:12:3664:Infinity:undefined:undefined:undefined:undefined":378,"s:3656:12:3664:Infinity":1330,"s:3657:14:3657:Infinity":1331,"s:3658:14:3662:Infinity":1332,"b:3660:36:3660:43:3660:46:3660:54":379,"s:3663:13:3663:Infinity":1333,"s:3666:12:3669:Infinity":1334,"s:3673:8:3676:Infinity":1335,"b:3680:4:3682:Infinity:undefined:undefined:undefined:undefined":380,"s:3680:4:3682:Infinity":1336,"s:3681:6:3681:Infinity":1337,"s:3684:4:3684:Infinity":1338,"s:3686:4:3689:Infinity":1339,"s:3690:4:3690:Infinity":1340,"s:3694:30:3713:1":1341,"f:3694:30:3694:35":38,"s:3695:17:3695:20":1342,"s:3696:19:3696:28":1343,"s:3698:2:3712:Infinity":1344,"s:3699:18:3702:5":1345,"b:3703:4:3705:Infinity:undefined:undefined:undefined:undefined":381,"s:3703:4:3705:Infinity":1346,"b:3703:8:3703:14:3703:18:3703:40":382,"s:3704:6:3704:Infinity":1347,"s:3706:17:3706:74":1348,"s:3708:4:3708:Infinity":1349,"s:3710:4:3710:Infinity":1350,"s:3711:4:3711:Infinity":1351,"s:3715:37:3887:1":1352,"f:3715:37:3715:42":39,"s:3716:17:3716:20":1353,"s:3717:30:3717:39":1354,"s:3719:2:3886:Infinity":1355,"s:3720:21:3754:5":1356,"s:3756:27:3756:60":1357,"f:3756:40:3756:41":40,"s:3756:48:3756:59":1358,"s:3757:22:3760:5":1359,"b:3762:4:3764:Infinity:undefined:undefined:undefined:undefined":383,"s:3762:4:3764:Infinity":1360,"b:3762:8:3762:14:3762:18:3762:40":384,"s:3763:6:3763:Infinity":1361,"s:3766:25:3768:29":1362,"b:3767:8:3767:Infinity:3768:8:3768:29":385,"s:3770:21:3770:40":1363,"s:3771:18:3771:55":1364,"b:3771:29:3771:44:3771:47:3771:55":386,"s:3773:17:3779:30":1365,"s:3782:20:3782:22":1366,"s:3785:31:3785:33":1367,"s:3786:26:3786:28":1368,"s:3788:4:3866:Infinity":1369,"s:3790:8:3790:75":1370,"b:3790:8:3790:16:3790:21:3790:45:3790:49:3790:74":387,"b:3792:6:3838:Infinity:undefined:undefined:undefined:undefined":388,"s:3792:6:3838:Infinity":1371,"s:3793:25:3793:58":1372,"b:3793:25:3793:38:3793:42:3793:58":389,"s:3794:20:3794:37":1373,"b:3794:20:3794:31:3794:35:3794:37":390,"s:3795:26:3795:46":1374,"b:3797:8:3806:Infinity:undefined:undefined:undefined:undefined":391,"s:3797:8:3806:Infinity":1375,"s:3798:10:3805:Infinity":1376,"s:3807:8:3807:Infinity":1377,"b:3807:58:3807:75:3807:79:3807:80":392,"s:3809:24:3809:54":1378,"b:3810:8:3825:Infinity:undefined:undefined:undefined:undefined":393,"s:3810:8:3825:Infinity":1379,"s:3811:10:3824:Infinity":1380,"s:3827:22:3827:44":1381,"b:3827:22:3827:39:3827:43:3827:44":394,"s:3828:23:3828:46":1382,"b:3828:23:3828:41:3828:45:3828:46":395,"s:3829:8:3829:Infinity":1383,"b:3829:49:3829:70:3829:74:3829:75":396,"s:3830:8:3830:Infinity":1384,"s:3831:8:3831:Infinity":1385,"b:3833:8:3835:Infinity:undefined:undefined:undefined:undefined":397,"s:3833:8:3835:Infinity":1386,"s:3834:10:3834:Infinity":1387,"s:3837:8:3837:Infinity":1388,"s:3840:18:3840:51":1389,"b:3841:6:3850:Infinity:undefined:undefined:undefined:undefined":398,"s:3841:6:3850:Infinity":1390,"s:3842:8:3849:Infinity":1391,"s:3852:6:3852:Infinity":1392,"s:3853:6:3853:Infinity":1393,"b:3856:6:3865:Infinity:undefined:undefined:undefined:undefined":399,"s:3856:6:3865:Infinity":1394,"b:3857:8:3857:Infinity:undefined:undefined:undefined:undefined":400,"s:3857:8:3857:Infinity":1395,"s:3857:37:3857:Infinity":1396,"s:3858:8:3864:Infinity":1397,"s:3869:4:3876:Infinity":1398,"s:3870:20:3870:38":1399,"s:3871:24:3871:87":1400,"b:3871:27:3871:40:3871:44:3871:46":401,"b:3871:50:3871:65:3871:69:3871:85":402,"s:3872:26:3872:78":1401,"b:3872:26:3872:73:3872:77:3872:78":403,"s:3873:6:3873:Infinity":1402,"s:3875:6:3875:Infinity":1403,"b:3875:29:3875:54:3875:58:3875:59":404,"s:3878:19:3881:5":1404,"s:3882:4:3882:Infinity":1405,"s:3884:4:3884:Infinity":1406,"s:3885:4:3885:Infinity":1407,"s:3889:29:3945:1":1408,"f:3889:29:3889:34":41,"s:3890:17:3890:20":1409,"s:3898:6:3898:15":1410,"b:3892:11:3892:12":405,"b:3893:12:3893:14":406,"s:3900:2:3944:Infinity":1411,"s:3901:18:3901:43":1412,"b:3904:4:3906:Infinity:undefined:undefined:undefined:undefined":407,"s:3904:4:3906:Infinity":1413,"b:3904:8:3904:17:3904:21:3904:28":408,"s:3905:6:3905:Infinity":1414,"b:3909:4:3911:Infinity:undefined:undefined:undefined:undefined":409,"s:3909:4:3911:Infinity":1415,"s:3910:6:3910:Infinity":1416,"b:3914:4:3922:Infinity:3917:11:3922:Infinity":410,"s:3914:4:3922:Infinity":1417,"s:3915:6:3915:Infinity":1418,"s:3916:6:3916:Infinity":1419,"b:3917:11:3922:Infinity:3920:11:3922:Infinity":411,"s:3917:11:3922:Infinity":1420,"s:3918:6:3918:Infinity":1421,"s:3919:6:3919:Infinity":1422,"b:3920:11:3922:Infinity:undefined:undefined:undefined:undefined":412,"s:3920:11:3922:Infinity":1423,"s:3921:6:3921:Infinity":1424,"s:3924:17:3928:29":1425,"s:3930:18:3930:61":1426,"s:3932:4:3940:Infinity":1427,"s:3942:4:3942:Infinity":1428,"s:3943:4:3943:Infinity":1429,"s:3947:36:4129:1":1430,"f:3947:36:3947:41":42,"s:3948:17:3948:20":1431,"s:3958:6:3958:15":1432,"b:3952:11:3952:12":413,"b:3953:12:3953:14":414,"s:3960:2:4128:Infinity":1433,"s:3961:20:3961:47":1434,"s:3962:21:3962:49":1435,"s:3963:17:3963:41":1436,"s:3965:21:3968:5":1437,"b:3970:4:3972:Infinity:undefined:undefined:undefined:undefined":415,"s:3970:4:3972:Infinity":1438,"b:3970:8:3970:17:3970:21:3970:28":416,"s:3971:6:3971:Infinity":1439,"b:3975:4:3975:Infinity:undefined:undefined:undefined:undefined":417,"s:3975:4:3975:Infinity":1440,"s:3975:18:3975:Infinity":1441,"b:3976:4:3976:Infinity:undefined:undefined:undefined:undefined":418,"s:3976:4:3976:Infinity":1442,"s:3976:19:3976:Infinity":1443,"b:3977:4:3977:Infinity:undefined:undefined:undefined:undefined":419,"s:3977:4:3977:Infinity":1444,"s:3977:20:3977:Infinity":1445,"b:3978:4:3980:Infinity:undefined:undefined:undefined:undefined":420,"s:3978:4:3980:Infinity":1446,"s:3979:6:3979:Infinity":1447,"s:3981:27:3981:62":1448,"b:3981:27:3981:35:3981:39:3981:48:3981:52:3981:62":421,"s:3983:17:3983:53":1449,"b:3985:4:4005:Infinity:undefined:undefined:undefined:undefined":422,"s:3985:4:4005:Infinity":1450,"s:3986:31:3989:9":1451,"f:3986:40:3986:41":43,"s:3986:50:3989:7":1452,"b:3988:34:3988:68:3988:71:3988:75":423,"s:3990:6:4004:Infinity":1453,"f:3997:22:3997:23":44,"s:3997:29:3997:43":1454,"f:3998:22:3998:23":45,"s:3998:34:3998:61":1455,"b:3998:41:3998:55:3998:59:3998:60":424,"f:4000:22:4000:23":46,"s:4000:29:4000:43":1456,"f:4001:22:4001:23":47,"s:4001:34:4001:61":1457,"b:4001:41:4001:55:4001:59:4001:60":425,"s:4008:19:4008:29":1458,"b:4009:4:4015:Infinity:4011:11:4015:Infinity":426,"s:4009:4:4015:Infinity":1459,"b:4009:8:4009:16:4009:20:4009:30:4009:34:4009:45":427,"s:4010:6:4010:Infinity":1460,"b:4011:11:4015:Infinity:4013:11:4015:Infinity":428,"s:4011:11:4015:Infinity":1461,"b:4011:15:4011:23:4011:27:4011:36:4011:40:4011:51":429,"s:4012:6:4012:Infinity":1462,"b:4013:11:4015:Infinity:undefined:undefined:undefined:undefined":430,"s:4013:11:4015:Infinity":1463,"b:4013:15:4013:24:4013:28:4013:37:4013:41:4013:52":431,"s:4014:6:4014:Infinity":1464,"s:4017:22:4017:24":1465,"s:4019:28:4019:37":1466,"s:4021:4:4099:Infinity":1467,"b:4024:6:4031:Infinity:4028:13:4031:Infinity":432,"s:4024:6:4031:Infinity":1468,"b:4024:10:4024:19:4024:23:4024:32:4024:36:4024:47":433,"s:4026:8:4027:Infinity":1469,"b:4027:10:4027:64:4027:68:4027:77":434,"b:4027:31:4027:44:4027:48:4027:55":435,"s:4030:8:4030:Infinity":1470,"b:4030:14:4030:35:4030:39:4030:48":436,"b:4035:6:4049:Infinity:undefined:undefined:undefined:undefined":437,"s:4035:6:4049:Infinity":1471,"s:4036:8:4048:Infinity":1472,"b:4041:36:4041:70:4041:73:4041:77":438,"b:4052:6:4095:Infinity:4087:13:4095:Infinity":439,"s:4052:6:4095:Infinity":1473,"s:4053:25:4053:76":1474,"b:4055:8:4086:Infinity:undefined:undefined:undefined:undefined":440,"s:4055:8:4086:Infinity":1475,"s:4056:10:4056:Infinity":1476,"s:4059:28:4064:11":1477,"f:4060:12:4060:13":48,"s:4061:14:4063:Infinity":1478,"b:4061:14:4061:39:4062:14:4062:37:4063:14:4063:Infinity":441,"s:4067:23:4067:24":1479,"s:4068:24:4068:25":1480,"s:4070:10:4077:Infinity":1481,"s:4071:30:4071:60":1482,"b:4071:30:4071:55:4071:59:4071:60":442,"b:4072:12:4076:Infinity:4074:19:4076:Infinity":443,"s:4072:12:4076:Infinity":1483,"s:4073:14:4073:Infinity":1484,"b:4074:19:4076:Infinity:undefined:undefined:undefined:undefined":444,"s:4074:19:4076:Infinity":1485,"s:4075:14:4075:Infinity":1486,"s:4079:28:4079:44":1487,"b:4081:10:4085:Infinity:4083:17:4085:Infinity":445,"s:4081:10:4085:Infinity":1488,"s:4082:12:4082:Infinity":1489,"b:4083:17:4085:Infinity:undefined:undefined:undefined:undefined":446,"s:4083:17:4085:Infinity":1490,"s:4084:12:4084:Infinity":1491,"s:4089:25:4089:50":1492,"b:4089:25:4089:45:4089:49:4089:50":447,"b:4090:8:4094:Infinity:4092:15:4094:Infinity":448,"s:4090:8:4094:Infinity":1493,"s:4091:10:4091:Infinity":1494,"b:4092:15:4094:Infinity:undefined:undefined:undefined:undefined":449,"s:4092:15:4094:Infinity":1495,"s:4093:10:4093:Infinity":1496,"s:4097:6:4098:Infinity":1497,"s:4102:24:4102:48":1498,"s:4103:18:4111:5":1499,"f:4104:6:4104:7":49,"s:4104:22:4109:7":1500,"s:4113:4:4113:Infinity":1501,"s:4115:4:4121:Infinity":1502,"s:4123:4:4123:Infinity":1503,"s:4124:4:4127:Infinity":1504,"s:4130:50:4190:1":1505,"f:4130:50:4130:55":50,"s:4131:2:4189:Infinity":1506,"s:4132:19:4132:22":1507,"s:4133:48:4133:57":1508,"b:4135:4:4140:Infinity:undefined:undefined:undefined:undefined":450,"s:4135:4:4140:Infinity":1509,"s:4136:6:4139:Infinity":1510,"s:4142:19:4144:5":1511,"b:4146:4:4156:Infinity:undefined:undefined:undefined:undefined":451,"s:4146:4:4156:Infinity":1512,"b:4146:8:4146:17:4146:21:4146:28":452,"s:4147:20:4147:39":1513,"s:4148:18:4148:35":1514,"s:4150:6:4150:Infinity":1515,"s:4152:6:4155:Infinity":1516,"s:4158:17:4158:68":1517,"s:4159:28:4159:42":1518,"s:4161:25:4165:13":1519,"s:4168:31:4174:6":1520,"f:4168:48:4168:49":51,"s:4169:21:4169:31":1521,"b:4170:6:4172:Infinity:undefined:undefined:undefined:undefined":453,"s:4170:6:4172:Infinity":1522,"b:4170:10:4170:39:4170:43:4170:74":454,"s:4171:8:4171:Infinity":1523,"s:4173:6:4173:Infinity":1524,"s:4176:4:4176:Infinity":1525,"s:4178:4:4181:Infinity":1526,"s:4183:4:4183:Infinity":1527,"s:4184:4:4188:Infinity":1528}}}
}
